     18    343

HeR_WP_100389406                MSKK------ ---------- ---------- ---------- ---------- ---TY--SPE QQVDRLRIYN VVAGSLHLLQ AIGFAIVLTM LSTQVLFAVT ADYLAGPPGA -PIPPERVTV FEVNIGVGVV AFLALSA-LF HFLVSSPWF- FGRYKNGLLE SRNYFRWTEY SLSSSIMIWL ILAINGVTDI AALFAVFAVN AAMILFGALQ EKYEKPG-SG GMLPFIFGSM VGVVPWILIL IYFLRPGSAN EVAAPS---- FVVGIVISLF VFFNTFALNQ WLQYKQVGKW KSYLQGERTY ITLSLVAKTA LAWQVF---- ---------- -SGAIIPALT --S
HeR_WP_066598408                MVKR------ ---------- ---------- ---------- ---------- ---DY--TPD QQIDRLRIYN VVAGSLHLVQ AIAFAVILTL LSSQVLFAVT TDYLAGPPGV -PIPPERVTL FEVNIGVGVV AFLALSA-FF HFLISSPWF- FTRYKTGLLN NHNYFRWVEY SLSSSIMIWL ILAINGVTDI GALCAVFAVN AAMIMFGALQ EKYEQPG-SG GMLPFIFGSM VGIVPWILIL IYFLRPGSAS DVAAPG---- FVVGIVISLF VFFNTFAINQ WLQYKQVGKW KSYLQGERTY ITLSLVAKTA LAWQVF---- ---------- -SGAIIPAIA --S
HeR_WP_035950083                MS-------- ---------- ---------- ---------- ---------- ---TP--VPE ARQQRLRRLN LVAAALHTVQ AVA----VVV LATDFALPVT ASYLAGPPGT --APQEPTVL FDLSTGPAVA GFLALSA-VA HLLVSTVWF- -RGYVSDLSR GINRARWVEY AMSSSLMMVV IAQLVGIADV TALLAIVGVN ASMILFGWLQ EKYEQPA-GG GWLPFWFGCI AGAVPWVAVV VYTVAPQSPS EVSPPG---- FVYAIIVSLF LFFNVFAVNQ WLQYRGRGRW RDYLFGETVY IVLSLVAKSL LAWQVF---- ---------- -GGTLAG--- ---
HeR_WP_095673229                MAK------- ---------- ---------- ---------- ---------- ---------E INAGSIRRYN LIAGFFHLVQ MIA----VLA LANDFTLPIV ARYMAGPPGS --VFAEPVTL LEAPIGLTVA IFLGLSA-FF HFLVASPQF- FGRYSAGLAA QRNYFRWVEY SLSSSVMIVL IALITGVSDV VAVIALFGVN ASMILFGWLQ EKYEQPG-NG GWLPYIFGCI AGAVPWLALL FYVLAIGGPG DTKAPA---- FVYGIVFSIF ILFNTFAIVQ YLQYKKVGKW SDYIRGEKTY ITLSLVAKSA LAWQIF---- ---------- -SGTLIPQ-- ---
HeR_AVZ43932                    MAKPTV---- ---------- ---------- ---------- ---------- ---------- KEIKSLQNFN RIAGVFHLLQ MLA----VLA LANDFALPMT GTYLNGPPGT --TFSAPVVI LETPVGLAVA LFLGLSA-LF HFIVSSGNF- FKRYSASLMK NQNIFRWVEY SLSSSVMIVL IAQICGIADI VALLAIFGVN ASMILFGWLQ EKYTQPK-DG DLLPFWFGCI AGIVPWIGLL IYVIAPGSTS DVAVPG---- FVYGIIISLF LFFNSFALVQ YLQYKGKGKW SNYLRGERAY IVLSLVAKSA LAWQIF---- ---------- -SGTLIPA-- ---
HeR_HEX6952830                  MIQATVT--- ---------- ---------- ---------- --------HP PAADV--TLR AKLAGLRRWN VSMGTLHLAQ GAA----MLA LASSFSLPVT SSFLRMSPVS NKLVAVPEEL FRLPIAPLVA GFLFLSA-LA HALLASPWL- HRWYERSVSR GINSARWIEY SLSSSLMMVV IAMLVGIYDI ASLILIFALN ATMILFGWLM ELHNQTTERT NWTAYWFGCF AGVVPWIAVA IYLAGA---- -DSPPA---- FVYAIFASLF VFFNIFAVNM LLQYKRLGRW SDYLYGERVY MLLSLFAKSL LAWQVF---- ---------- -AGTLQPA-- ---
HeR_MEK9135620                  M--------- ---------- ---------- ---------- ---------- ---------E TRLLQLRWFN GVMGLLHLAQ GVL----MLA LSSDFSLPIS ASFLKFDPAA SKLAPVPETL VDLRIGPLVA AFLFLSA-IA HLLVTSPGI- CQWYARNLTK GINYARWIEY SFSASLMIVV IAMLVGIYDI ASLTLIFTLN ATMILFGLMM ELHNQTTQKT NWTSFWFGSV AGAVPWIAIA IYLFGSGGDG -GGPPG---- FVYGIFASLF VFFNVFAINM VLQYRKIGPW RDYLYGERAY VLLSLFAKSA LAWQVF---- ---------- -AGTLRPV-- ---
HeR_HMA83780                    MVEKTISCPT CDHRFSVEGK PNEEVYVTCP NCKTYGKFVF PTKTVKTEKP SCFDP--VGE RCFKRLRLFN GIMGFFHLFQ AFL----MIL LSNDSSLPIT YSFPEFNTVT QSIAPVSETI IEVPIGPLVA LFLLMSA-SA HFLLSSV-L- YDWYVNNLKK KMNPGRWIEY SFSASLMIVI IAMLVTVYDI GTLMALFTLT AVMNLLGLVM ELHNQTTKKT DWTSYIIGCI AGFVPWVVIF IPLIAA---- -ESVPD---- FVVAIFISIA VFFNLFAINM ILQYKKVGKW KDYLYGEKMY IVLSLVAKSA LAWQVF---- ---------- -AGTLAPV-- ---
SzR_HDR73074                    MASE------ ---------- ---------- ---------- ---------- ---------- ---------- ----IIVFQI GAM----IFA ASSVVFLVGG TKK------- --LNFDTEFF ISF---ITSM SYVVMS---L AIATTV---- ---ALGGGT- -IYWSRWLFY MAACPLLMYD VVRISTG-ST REYPVFALLT CLTMFNGFLA SFVVS---SS RWIFFLFGSA A----FIGLL YMVSRGQK-- NRASK----- ---TLKPFVY IGWSLFPVVF LLAPTGFGIF -DAPVTAFLY LLLDLVTKLW FGIITIRMK- ---------- ---------- ---
SzR_TFH15433                    MSIE------ ---------- ---------- ---------- ---------- ---------- ---------- ----TMIMQA GAI----IFA AASLYFLLTG KKK------- --PGFSTEFF ISF---ITTT SYSLMS---V GIATTT---- ---TPGGQT- -VYWSRWLFY MIACSMLMYD TAKALQI-PD NEYPWMVLLT WLTMFNGFLA SYISS---PS KWIFYILSSA A----FTGLL YKVQQGTE-- NPDFK----- ---LLKPFVF IGWTLFPVVF LLAPTGFGVL -NTATAEAGY LLLDFATKIV YGVYTSKLK- ---------- ---------- ---
SzR_TE_S2S_00499                MAGE------ ---------- ---------- ---------- ---------- ---------- ---------- ----EFIFYI GGA----GFG IATILFGIIN ARRE------ -NPPFNTELF VSF---ITAV SYIVMA---L GYATVV---- ---GLGGEL- -VYWSRWLFY IGSCTLLTTD IAHVKGL-PK AKILEVGIYT GLTMFAGFLA SIITT---VD RWWFFALSSI A----YLAML YELLRGQEES NPEMP----- ---KILAFVA IAWSLFPVVW VLAPTGLGVI -NTFAEVILY WILDLTTKTA FGLYLYTRVK ---------- ---------- ---
SzR_AM_5_00977                  ME-------- ---------- ---------- ---------- ---------- ---------- ---------- ----QIIFYL GIG----MFI LSTIMFFFLK KKN------- -AKLASINII VSF---VTIV SYILML---S GLFTLS---- ---ATSGDT- -IYWTRWAFY AVSCSFLMVE ISYLLRI-DN TTRLEILVFN SMVMITGLFA SISED---LY KWLFFIISSV A----YLNVL FLIAKNRS-- EKKA------ ----IILFVA IFWSGFPIVW ILSPAGLMVL -NAFWTALFY LVLDFITKIY FGFHTTFKHI EQ-------- ---------- ---
SzR_TE_5S_00009                 ME-------- ---------- ---------- ---------- ---------- ---------- ---------- ----EIIFFV GAG----VFA LTTITFLILK KRN------- -PEVASLNMI VNF---VTIA SYLLMV---S GLFVVS---- ---SLSGDS- -IYWTRWAFY AVSCSFLMVE ISMLLGV-DK SVKLEIIVYN SLVMITGLFA SVSEG---FI KWLFFTLSSV A----YLYVL YQIVKYRS-- NEKF------ ----IIVFVA IFWSGFPLVW ILSPAGLMLI -DAFWTALFY LGLDLITKVY FGYHTTFKYT KN-------- ---------- ---
SzR_AM_5S_00009                 ME-------- ---------- ---------- ---------- ---------- ---------- ---------- ----EIIFYI GAG----VFT LTSITFFLLK KKN------- -LEVASLNMI VNF---VTIA SYLLMV---S GLFVAS---- ---AVSGDS- -IYWTRWAFY AVSCSFLMVE ISMLLSI-DK SIKLEIIVFN CLVMITGLLA SVSEG---II KWLFFTLSSV A----YLYVL FQIIKHRS-- NEKF------ ----IVAFVA IFWSGFPIIW ILSPAGLMLI -DAFWTALFY LVLDLITKVY FGYHTTLKFS K--------- ---------- ---
SzR_Ga0105045_102227662         MDNQI----- ---------- ---------- ---------- ---------- ---------- ---------- ----EIVFAA GIA----LFS VAAAYFFWAY KKD------- ----FNSAFL VSF---ITII SYILML---E GSLVSA---- ---GARGGE- -VYATRWLFY GLSCSLLMYE IARFLRK-SQ SEIVFLMFLT VIVMGTGGAA AYFEG---WY KIGFFVLSSV A----YVLLV YPLLTSVSP- NRSA------ ----VAKYIL LGWTGFPIAF LLAPDGFGII -TTTTAAILY LLLDIFTKVI FYFDLHRKME VNAQKVL--A VSGSV----- --G
SzR_SAMEA_2622822               MIETLT---- ---------- ---------- ---------- ---------- ---------- ---------- ----MIILSL GTL----VFF ISSIVFAKMD WRQ------- -ANHFNSALI VSA---TTAV SYAVMLAIYL GTPTTD---- ---------- -SLSTRWLFY IISCSLLIYH IAKVLRL-NN NQRISAGYLM ALIMITGFVA AEVSDL--WF VLVIYLIGSA F----YVLAL KIIWQGTA-- HTLAK----- ----LKPYLI YGWTGFPIVF LLSPAAFDLI -SLDSALALY LGLDIYTKIV FYKDYNQLVR ---------- ---------- ---
OG_WP_285271495                 MSITSV---- ---------- ---------- ---------- ---------P DVVDAGVLGA QSAAAVRENA LL--SSSLWV NVA----LAG IAILVFVYMG RTIRPGRP-- -RLIWGATLM IPL---VSIS SYLGLL---S GLTVGMIEMP AGHALAGEMV RSQWGRYLTW ALSTPMILLA LGLLADV-DL GSLFTVIAAD IGMCVTGLAA AMTTSAL-LF RWAFYAISCA F----FVVVL SALVTDWA-- ASASSAGTAE IFDTLRVLTV VLWLGYPIVW AVGVEGLALV QSVGVTSWAY SVLDVFAKYV FAFILLRWVA NNERTVA--- VAGQTLGTMS SDD
OG_WP_136361479                 MTPSLL---- ---------- ---------- ---------- ---------P TAVEG--VSQ AQITGRPE-- ----WIWLAL GTA----LMG LGTLYFLVKG MGVSDPDA-- -KKFYAITTL VPA---IAFT MYLSML---L GYGLTMV--- ---PFGGEQN PIYWARYADW LFTTPLLLLD LALLVDA-DQ GTILALVGAD GIMIGTGLVG ALTKVY--SY RFVWWAISTA A----MLYIL YVLFFGFTSK AESMRPEVAS TFKVLRNVTV VLWSAYPVVW LIGSEGAGIV -PLNIETLLF MVLDVSAKVG FGLILLRSRA IFGEAEAPEP SAGDGAAATS --D



Printing out site pattern counts


        18        316  P

HeR_WP_100389406                ---------- ---------- ---------- ---------- ---------A AAAAAAAAAA AAAAAAAAAA AAAAAADDDE EEEEEEEEFF FFFFFFFFFF FFFFFFFFFG GGGGGGGGGG GGGGGGGGGH HIIIIIIIII IIIIIIIIII IKKKKKKKKK LLLLLLLLLL LLLLLLLLLL LLLLLLLLLL LLMMMMMMNN NNNNNNNPPP PPPPPPPPPP QQQQQQQQQQ RRRRRRRRSS SSSSSSSSSS SSSSSSSSST TTTTTTTTTT TVVVVVVVVV VVVVVVVVVV VVVVVVVVWW WWWWWYYYYY YYYYYY
HeR_WP_066598408                ---------- ---------- ---------- ---------- ---------A AAAAAAAAAA AAAAAAAAAA AAAGTVDDDD DEEEEEENCF FFFFFFFFFF FFFFFFFFFA GGGGGGGGGG GGGGGGGGTH HIIIIIIIII IIIIIIIIII VKKKKKKKQR FIILLLLLLL LLLLLLLLLL LLLLLLLLLL MVLMMMMMNN NNNNNSTPPP PPPPPPPPPP QQQQQQQQQQ HRRRRRRRGN SSSSSSSSSS SSSSSSSTVA DSTTTTTTTT VIIIILVVVV VVVVVVVVVV VVVVVVVVWW WWWWWYYYYY YYYYYY
HeR_WP_035950083                ---------- ---------- ---------- ---------- ---------- -AAAAAAAAA AAGGLPPPQS STWTATDQSE EDEEEEERL- -AAFFFFFFF FFFFFLLTVA AAAADGGGGG GGGGGGGQRH HAAIIIILLL MRTVVVVVVW --KKRRRVQ- V-VAAALLLL LLLLLLLLLL LLLMSTVVVV LVVIMMMWNN NNNSVSS-GP PPPPPPPPQV ADFGQQQQQR IAGPRRRTGG -AAACDGGSS SSSSSSTVS- TTASTVVVVV V-AQVLAAFI IILLLPRTVV VVVVVVVYVW WWWWWLPRYY YYYYYY
HeR_WP_095673229                ---------- ---------- ---------- ---------- ---------- QAAAAAAAAA GMGIAAPPLK STWVASDGRD EEEEEEEAI- FFFFFFFFFF FFLLYFLVFA GGGTGGGGGG GGGGGGGGGH HIVIIIIILV IRIFFILLVI -KKKKKSSQ- F-IAATFIII LLLLLLLLLL LMVLALLLLV LVAIMMMWNN NNVPTGA-P- FIPPPPPPAP IDRKQQQQQN RARPRRSKAQ -AFSCDNSAG SSSSSSS-A- -NSSVLTTTT V-AAVLAAFL VVAILLVVII ITVVVVVYVQ WWWWYY-YYY YYYYYY
HeR_AVZ43932                    ---------- ---------- ---------- ---------- -------TV- AAAAAAAAAN GMGLAVPTQA STWVGTDKTD -EAEEETKL- FFFFFFFFFF FFFLFFLVFA GGKASDGGGG GGGGGGGGKH HITIIIIILV INVIILILIW -KKKKKSSQP L-LAGAFLLL ILLLLLLLLL LLLLMLILLV LLAIMMMLNN NNVPCSA-P- FPPPPPPPSG KDRGQQQQQE QARPQRSRGN -AVSCNDSSS SSSSSSS-A- -NASTLASVV V-IIVIAAFI IITLRLKVII MVVVVVVYVN WWWWYF-IYY YYYYYY
HeR_HEX6952830                  ---------- ---------- ---------- ---------A AEHNPPTTV- AAAAAALMSR FGAGLPP-MS TTWASSDAS- RRVEEENRI- HAAFFFFFFF FLFFYALLFA AGTLSNAGGG GGGGMTV-RH HQLIIIMLLL MRIAIAIVIW -QKLKRSEQA L-VAASLLLL LLLLLLLLLT VLLLSLAAVM LAAFMMMWNN NNNPV-RKPL VAAPPPSTAP ASYRMMQQQK IGWPRRGRAG -ATSCDRAA- SSSSSSSTI- DSYSTLVIEL I-VLLLAAFI FILVVPLESV VDFLVVVYVW WWWWLWVSFH YYYYYY
HeR_MEK9135620                  ---------- ---------- ---------- ---------- -Q-S------ VAAAAALMSK FGTAAPPDMG TTLAAADLS- EDVEEENKT- CAAFFFFFFF FIFVFLLLFL GGTLNNGGGG GGGGFTAGQH HRLIIIVLLL IWIAIVIIIW --KLRPRAQ- I-IAASLLLL LLLLLLLLMT LLLFTLFAVM LAAVMMMWNN NNNRVGRKP- ASSPPPDTPP TDYKMMQQQR IGWPRRQRGG -SLSSDKATG ASSSSSS--- -SYSSLAVTL I-ALVLAAFI FILVGPIEVV IGFLVVVYVG WWWWVF-YFH YYYYYY
HeR_HMA83780                    ---------- ---------- -----CDEFG HKNPRSTVYC FKKQPSSTI- VAAAAAAMTE LATLAVP-MS VTLGYTDKS- EEVEEENKM- YAGAFFFFFI LLFIYFLLFL AGTLNDGGGG GGGTFTV-DH HAIIINILLL ILIIIFVIII -EKLKKKVQK S-IAVSFILL LLLLLLLMVT LPLFKLIFIM LFLIMMMWNN NTNPV-NSPG AASPPTNTPV RDYKMMQQQC MAWSRRRKDK -SFSCDKAS- ASSSSSSVV- DNYSTIMLTV I-FFLIAASL FVVVGPVEIV IEVLVVVVV- WWWWIFPPFH PYYYYY
SzR_HDR73074                    ---------- ---------- --KMR----- ---------- ---------- --CGPTV-E- VGLSWSV-RA L-FRT-S-KN -SDAFSV-P- -LSY-FIWYF N-GIFILVAM T--TGR---G GGTT-S-Q-A V-LLVMLI-L M--PYAILTL -SKFTI-LSE --VVGFIV-P AAFLLLVMLI G-YATFSLDI FQAALMTW-S YTV-S-G--- NGF-K---F- -VVGAFAII- IR-T-R-F-- -SIMSDS-TK CADFPSV-A- -S-LGFLLFL L---TFAMVF KGFI-IFE-T GRVL--S-Y- FFIWL--WKV MAAPYY
SzR_TFH15433                    ---------- ---------- --KLK----- ---------- ---------- --WGPTW-E- LGLSVFL-KD L-FNK-P-KN -SSEFSS-P- -VSF-FSWYL N-GIYILVVI L--TGK---G GSAQ-S-T-G I-PLTMLA-M M--PYATLDI -IKYTV-PSE --VAGFMV-A AAYFLLSMLI Q-YITMQLDI FQAALMTW-T YTV-L-G--- GGF-K---F- -LTGAFAAY- VQ-T-R-A-- -ATMSNP-TE CADFSST-S- -S-IGFGLFL L---TFATYM KIFI-IFE-T TPAL--T-Y- FLVWL--WKI KTTPYY
SzR_TE_S2S_00499                ---------- ---------- -KVRT----- ---------- ---------- --GGPTE-K- VGISAMIEHE L-FAA-P-RN -SNVFST-L- -LSA-FYWYL A-AVFYGLGA K--TGR---G GSEG-D-Q-G I-PIIMWV-L T--AYGLMKA -GKITV-LTE --VAAFFV-F AIFLLLIMLW EEIGLFLLDG FYGILMTW-S YTV-KSGN-- PGF-P---F- -IAGAWAIY- VR-T-R-I-- -AEISNV-VE CSDFTAV-A- -T-TNFLLLI L---TFAVLV LLFI-ILE-L IPTY--A-T- YILWV--WRI EGTPYY
SzR_AM_5_00977                  ---------- ---------E QIHKF----- ---------- ---------- --SGPTE-T- LGVSYAF-YK M-LTK-D-KE -SSAFSE-L- -STA-FTWYI T-FVFLFILG ---TGK---G MSTR-Y-R-G I-KIIMLL-F M--LFILVNI --KIAV-TD- --ISNFIV-F FLFFLLIMFL D-RVTFALEM IYIVLMVW-S YNV-L-SA-- LNF-----A- -IWGAWSLH- IK-I-R-L-- -SQASNL-LS CSDFSLS-E- -T-IKFFGIV A---TIAVMI IIFI-VLN-T LKIF--I-V- YLFWI--WNS LAAPYY
SzR_TE_5S_00009                 ---------- ---------K NTYKF----- ---------- ---------- --SGPTE-V- LGVSYFI-MK L-LSK-D-RN -NSAFSE-L- -STA-FTWYL T-FVFLLIIG ---TGK---G MSTG-I-R-G I-EIIMLL-F M--VYALVKT --KVAL-LG- --LSYFIV-F FLFLLLLMFL D-KVSFVLEV IFAVLMVW-S YNV-L-SP-- VYF-----A- -IWGAWSVH- IK-L-R-L-- -TEASDF-VS CSDFSVS-E- -T-VKFFGMG A---VIAATI IVFI-VLN-T LEIY--I-V- YIYWI--WNS QSAPYY
SzR_AM_5S_00009                 ---------- ---------K -SFKL----- ---------- ---------- --CGPTE-I- LGVSYFL-MK L-LSK-D-KN -NSAFSE-L- -STA-FTWYL T-FVFLFIIG ---TGK---G MSTS-I-R-G I-EIIMLL-F M--AFALVKT --KVAL-VG- --ISYFIV-F FLFLLLLMLL D-KVSFILEV IYTVLMVW-S YNI-L-SL-- VHF-----A- -IWGAWSIH- IK-L-R-L-- -TEASDI-AS CSDFSVS-E- -S-VKFFGMV A---VIAATI VIFI-VLN-T LEIF--I-V- YIYWI--WNS QAAPYY
SzR_Ga0105045_102227662         ---------- --AAKLQVVV NEMKR----- ---------- -------I-- --VYPTF-E- LGFSIAWPRS ISGSK-S-KN -SNAFAE-V- -ETL-FHWYL T-GVFSFLMA ---TGK--GG GSAR-Y-V-G V--VIMLFVL M--KYIVLQV -NKYDI-AGQ --IALFII-T LVFILLIMAG G-ILEFLVEL GASVLMVI-T YTA-L-R--- -SF-----F- -ATGAFAAD- VT-S-R-I-- GAEGSTWSSS CSDYSLA-D- -A-VYFLGFL L---VLAIYL AKFL-IFA-L ARFL--I-Y- YIFWL--ADF PGTPYY
SzR_SAMEA_2622822               ---------- -I-------- -RVLQ----- ---------- -------LT- -AAYPTS-Q- VGYSVAK-KL L-FNW-N-RH -SNLFAS-I- -LTI-FNWYI T-GVYTAIGL ---T-V---G DGAR-F-T-G I-NLIMLV-L I--PKTVANL -EKEAL--DT Y-IALFIL-D PIFILLAMVV --RI-LWLHV ISFALMIL-T LMV-L--A-- HGI-K--LF- -ISAAFSLD- SQ-S-R-A-- -SMISSW-TA CSDYSLD-I- -S-IDFLGLG L---TIFVVA KLAY-TFA-Y MTYL--A-Y- YIKWL--SQV I-LPYY
OG_WP_285271495                 --ADEGGPST V--ETARVVN NAVWR----- ---------V V---PD-SV- T-IAPAT-SP GNASVSY-LA GQLGR-DATA APGSTATVF- ASGVIYLWYI TMLIYLVLIA T-LSGR--GG ASTDGF-WGG SLLLLCSLTM LE-VSVVVLA -IKMELQLST -MIGVFSTVG TIFVLVLLAA ERLLMLVLAL VWGAIMMWAL QDV-A-ARGG IDF-SPRAWI QLVGAWGVIS STHARRAWAR DASACSLAGA TSDLPLMLSS DI-YGAAGLV L--AVMFSVV RVLVLVLTLL MSFA-FIDLE FVFYANAWIT AAVVWY
OG_WP_136361479                 EPA-S-E--V --PGAAEESI FARSR----- ---------A V---PT-LL- A-GGPAA-TD SGGMGMVSLS IDLGM-DTGA QPATDAKNL- -LAVTYLWYI T-LVWYLLVA V--AGR--GG GSEDPY-F-G WAKLLIMLGL LE-NYTLIQA -PKLEI-FVS -TVAYFITRN GLFVLILMVV ESIFQLFLDL GAGALMMF-S YDV-VKGKAS FGW-RADYYV ALIGGWGLIQ IF-IPRGLPP DGWLTPSATT TTDVPLMVTS ET-VGMLATV A--ILLATYL RAAV-IAT-L KESA-FFKL- MVLYL-GWVT VPLSWF



    1    1    1    1    1    1    1    1    1    1    1    1    1    1    1
    1    1    1    1    1    1    1    1    1    1    4    1    4    3    2
    1    5    2    4    1    1    6    5    2    1    1    1    1    1    1
    1    1    1    1    1    1    1    1    1    1    1    1    1    1    1
    1    1    1    1    1    1    1    1    1    1    1    1    1    1    1
    1    1    1    1    1    1    1    1    1    1    1    1    1    1    1
    1    1    1    1    1    1    1    1    1    1    1    1    1    1    1
    1    1    1    1    1    1    1    1    1    1    1    1    1    1    1
    1    1    1    1    1    1    1    1    1    1    1    1    1    1    1
    1    1    1    1    1    1    1    1    1    1    1    1    1    1    1
    1    1    1    1    1    1    1    1    1    1    1    1    1    1    1
    1    1    1    1    1    1    1    1    1    1    1    1    1    1    1
    1    1    1    1    1    1    1    1    1    1    1    1    1    1    1
    1    1    1    1    1    1    1    1    1    1    1    1    1    1    1
    1    1    1    1    1    1    1    1    1    1    1    1    1    1    1
    1    1    1    1    1    1    1    1    1    1    1    1    1    1    1
    1    1    1    1    1    1    1    1    1    1    1    1    1    1    1
    1    1    1    1    1    1    1    1    1    1    1    1    1    1    1
    1    1    1    1    1    1    1    1    1    1    1    1    1    1    1
    1    1    1    1    1    1    1    1    1    1    1    1    1    1    1
    1    1    1    1    1    1    1    1    1    1    1    1    1    1    1
    1

AAML (in paml version 4.10.7, June 2023)  ../toy_7tm_rhodopsin.fasta
Model: Empirical,  (../lg.dat) dGamma (ncatG=4) ns =  18  ls = 343


Frequencies..
                                    A      R      N      D      C      Q      E      G      H      I      L      K      M      F      P      S      T      W      Y      V
HeR_WP_100389406               0.10112 0.02996 0.03371 0.01124 0.00000 0.03745 0.03371 0.07491 0.00749 0.07491 0.11985 0.03371 0.02247 0.07865 0.04869 0.07865 0.04494 0.02622 0.04120 0.10112
HeR_WP_066598408               0.09738 0.02996 0.03371 0.02247 0.00375 0.04120 0.02247 0.07491 0.01124 0.09363 0.10861 0.02622 0.02247 0.07865 0.04869 0.07116 0.04494 0.02622 0.04120 0.10112
HeR_WP_035950083               0.12941 0.04706 0.01961 0.01961 0.00392 0.04314 0.02745 0.08235 0.00784 0.03529 0.11765 0.00784 0.01961 0.05490 0.05882 0.06667 0.04706 0.03529 0.03529 0.14118
HeR_WP_095673229               0.11811 0.02756 0.02756 0.01575 0.00394 0.03543 0.02756 0.09055 0.00787 0.09055 0.11417 0.03150 0.01969 0.08268 0.04724 0.06299 0.03543 0.02362 0.05118 0.08661
HeR_AVZ43932                   0.09766 0.01953 0.03906 0.01953 0.00781 0.03516 0.01953 0.08203 0.00781 0.08984 0.13281 0.04297 0.02344 0.07812 0.04688 0.07812 0.03516 0.02344 0.03906 0.08203
HeR_HEX6952830                 0.13585 0.04906 0.03019 0.01509 0.00377 0.02264 0.02642 0.04906 0.01887 0.05283 0.15094 0.01509 0.04151 0.06415 0.04528 0.08679 0.04151 0.03774 0.03774 0.07547
HeR_MEK9135620                 0.10630 0.03543 0.03150 0.02362 0.00394 0.02756 0.01969 0.08268 0.01181 0.07087 0.14567 0.02362 0.03543 0.07874 0.04331 0.07087 0.04724 0.03150 0.03937 0.07087
HeR_HMA83780                   0.06557 0.01639 0.03934 0.02623 0.02295 0.01639 0.04262 0.04590 0.01311 0.08197 0.10492 0.06230 0.03934 0.07869 0.05246 0.06885 0.06557 0.01967 0.03934 0.09836
SzR_HDR73074                   0.08416 0.03465 0.01485 0.01980 0.00990 0.00990 0.01485 0.07426 0.00000 0.07921 0.11881 0.03465 0.04455 0.11386 0.02970 0.08911 0.07426 0.02475 0.03960 0.08911
SzR_TFH15433                   0.08416 0.00495 0.01980 0.01980 0.00495 0.02475 0.02475 0.06931 0.00000 0.06931 0.11881 0.05446 0.04455 0.08911 0.04455 0.07921 0.10891 0.02970 0.05941 0.04950
SzR_TE_S2S_00499               0.09662 0.02899 0.02415 0.01449 0.00483 0.00483 0.05314 0.09179 0.00483 0.09662 0.12560 0.02899 0.02415 0.07729 0.03382 0.04348 0.08213 0.03382 0.05314 0.07729
SzR_AM_5_00977                 0.06436 0.01980 0.03465 0.01980 0.00495 0.00990 0.02970 0.03960 0.00990 0.13366 0.12871 0.04950 0.03960 0.11386 0.00990 0.08911 0.06436 0.02970 0.04455 0.06436
SzR_TE_5S_00009                0.05941 0.01485 0.02970 0.01980 0.00495 0.00495 0.03465 0.05446 0.00495 0.09406 0.12871 0.04950 0.03465 0.09901 0.01485 0.09406 0.05941 0.02970 0.05941 0.10891
SzR_AM_5S_00009                0.06965 0.00995 0.02488 0.01990 0.00995 0.00498 0.03483 0.04478 0.00995 0.11940 0.13433 0.05473 0.03483 0.09950 0.00995 0.09950 0.05473 0.02985 0.04478 0.08955
SzR_Ga0105045_102227662        0.11163 0.02791 0.01860 0.02326 0.00465 0.01395 0.03256 0.07907 0.00465 0.08372 0.12558 0.03721 0.02791 0.09302 0.01860 0.07907 0.05116 0.01860 0.06047 0.08837
SzR_SAMEA_2622822              0.09852 0.02463 0.02956 0.03448 0.00493 0.01970 0.00985 0.04433 0.01478 0.11330 0.15764 0.03448 0.02956 0.05911 0.01970 0.07882 0.06897 0.02463 0.06404 0.06897
OG_WP_285271495                0.14234 0.04015 0.01460 0.03650 0.00730 0.01460 0.02190 0.08394 0.00365 0.05474 0.13869 0.00365 0.03650 0.03650 0.02555 0.08759 0.06569 0.03650 0.02555 0.12409
OG_WP_136361479                0.11407 0.02662 0.01141 0.03802 0.00000 0.01521 0.03802 0.09886 0.00000 0.05703 0.14449 0.02662 0.03802 0.04943 0.04943 0.05703 0.07605 0.03042 0.04183 0.08745

Homogeneity statistic: X2 = 1.51769 G = 1.58818 

Average                        0.10014 0.02771 0.02678 0.02236 0.00605 0.02212 0.02864 0.07080 0.00792 0.08104 0.12832 0.03354 0.03190 0.07755 0.03749 0.07615 0.05822 0.02841 0.04448 0.09036
(Ambiguity characters are used to calculate freqs.)


# constant sites:      5 (1.46%)
AA distances (raw proportions of different sites)

HeR_WP_100389406
HeR_WP_066598408  0.0991
HeR_WP_035950083  0.3965  0.3994
HeR_WP_095673229  0.3499  0.3440  0.3557
HeR_AVZ43932     0.3703  0.3586  0.3353  0.2566
HeR_HEX6952830   0.4927  0.4869  0.3878  0.4490  0.4373
HeR_MEK9135620   0.4519  0.4548  0.3790  0.4082  0.4169  0.2857
HeR_HMA83780     0.6093  0.6035  0.5831  0.5743  0.5685  0.4956  0.4694
SzR_HDR73074     0.7055  0.6997  0.6764  0.6618  0.6647  0.6910  0.6618  0.8251
SzR_TFH15433     0.7259  0.7259  0.6764  0.6618  0.6706  0.6910  0.6764  0.8280  0.2507
SzR_TE_S2S_00499  0.6939  0.6968  0.6618  0.6472  0.6618  0.7055  0.6647  0.8280  0.3528  0.3528
SzR_AM_5_00977   0.6910  0.6968  0.6443  0.6560  0.6676  0.7026  0.6560  0.8134  0.4227  0.4082  0.3994
SzR_TE_5S_00009  0.6910  0.7026  0.6239  0.6385  0.6501  0.6793  0.6443  0.8076  0.4140  0.4169  0.3819  0.1808
SzR_AM_5S_00009  0.6939  0.6939  0.6268  0.6385  0.6531  0.6706  0.6385  0.8017  0.4082  0.4111  0.3936  0.1720  0.0875
SzR_Ga0105045_102227662  0.7289  0.7230  0.6939  0.6851  0.7055  0.7289  0.6939  0.8484  0.4344  0.4227  0.4431  0.4227  0.4257  0.4227
SzR_SAMEA_2622822  0.7201  0.7143  0.7114  0.6793  0.6880  0.7143  0.6851  0.8192  0.4315  0.4111  0.4402  0.4257  0.4519  0.4519  0.4461
OG_WP_285271495  0.7493  0.7493  0.7347  0.7347  0.7405  0.7347  0.7551  0.8659  0.6793  0.6939  0.6851  0.6676  0.6589  0.6706  0.6764  0.6822
OG_WP_136361479  0.7784  0.7668  0.7259  0.7493  0.7522  0.7318  0.7347  0.8455  0.6268  0.6472  0.6093  0.6297  0.6356  0.6443  0.6210  0.6589  0.5685

TREE #  1:  ((((((2, 1), (5, 4)), 3), ((8, 7), 6)), (((16, 15), (11, (10, 9))), (12, (13, 14)))), (18, 17));   MP score: -1
This is a rooted tree.  Please check!
lnL(ntime: 34  np: 35):  -7598.702098      +0.000000
  19..20   20..21   21..22   22..23   23..24   24..2    24..1    23..25   25..5    25..4    22..3    21..26   26..27   27..8    27..7    26..6    20..28   28..29   29..30   30..16   30..15   29..31   31..11   31..32   32..10   32..9    28..33   33..12   33..34   34..13   34..14   19..35   35..18   35..17 
 0.463610 2.673945 0.265508 0.218617 0.386851 0.057520 0.090159 0.125473 0.249667 0.262458 0.267002 0.194432 0.141099 0.590381 0.117682 0.248735 0.428944 0.353482 0.373407 1.356490 0.596894 0.410762 0.716427 0.461145 0.430181 0.436494 0.545868 0.204917 0.178038 0.101123 0.070911 0.544593 1.138812 1.026985 1.691645

tree length = 15.728612

((((((2: 0.057520, 1: 0.090159): 0.386851, (5: 0.249667, 4: 0.262458): 0.125473): 0.218617, 3: 0.267002): 0.265508, ((8: 0.590381, 7: 0.117682): 0.141099, 6: 0.248735): 0.194432): 2.673945, (((16: 1.356490, 15: 0.596894): 0.373407, (11: 0.716427, (10: 0.430181, 9: 0.436494): 0.461145): 0.410762): 0.353482, (12: 0.204917, (13: 0.101123, 14: 0.070911): 0.178038): 0.545868): 0.428944): 0.463610, (18: 1.138812, 17: 1.026985): 0.544593);

((((((HeR_WP_066598408: 0.057520, HeR_WP_100389406: 0.090159): 0.386851, (HeR_AVZ43932: 0.249667, HeR_WP_095673229: 0.262458): 0.125473): 0.218617, HeR_WP_035950083: 0.267002): 0.265508, ((HeR_HMA83780: 0.590381, HeR_MEK9135620: 0.117682): 0.141099, HeR_HEX6952830: 0.248735): 0.194432): 2.673945, (((SzR_SAMEA_2622822: 1.356490, SzR_Ga0105045_102227662: 0.596894): 0.373407, (SzR_TE_S2S_00499: 0.716427, (SzR_TFH15433: 0.430181, SzR_HDR73074: 0.436494): 0.461145): 0.410762): 0.353482, (SzR_AM_5_00977: 0.204917, (SzR_TE_5S_00009: 0.101123, SzR_AM_5S_00009: 0.070911): 0.178038): 0.545868): 0.428944): 0.463610, (OG_WP_136361479: 1.138812, OG_WP_285271495: 1.026985): 0.544593);

Detailed output identifying parameters

alpha (gamma, K = 4) =  1.69165
rate:   0.25347  0.61763  1.05994  2.06896
freq:   0.25000  0.25000  0.25000  0.25000
