
RAxML-NG v. 1.2.2 released on 11.04.2024 by The Exelixis Lab.
Developed by: Alexey M. Kozlov and Alexandros Stamatakis.
Contributors: Diego Darriba, Tomas Flouri, Benoit Morel, Sarah Lutteropp, Ben Bettisworth, Julia Haag, Anastasis Togkousidis.
Latest version: https://github.com/amkozlov/raxml-ng
Questions/problems/suggestions? Please visit: https://groups.google.com/forum/#!forum/raxml

System: Intel(R) Core(TM) i7-7Y75 CPU @ 1.30GHz, 2 cores, 16 GB RAM

RAxML-NG was called at 17-Dec-2025 12:19:47 as follows:

raxml-ng --all --msa toy_7tm_rhodopsin.fasta --model LG+F+G --prefix toy_7tm_rhodopsin --seed 12345 --outgroup OG_WP_285271495,OG_WP_136361479 --bs-metric tbe --tree rand{1} --bs-trees 1000

Analysis options:
  run mode: ML tree search + bootstrapping (Transfer Bootstrap)
  start tree(s): random (1)
  bootstrap replicates: parsimony (1000)
  outgroup taxa: OG_WP_285271495,OG_WP_136361479
  random seed: 12345
  tip-inner: OFF
  pattern compression: ON
  per-rate scalers: OFF
  site repeats: ON
  logLH epsilon: general: 10.000000, brlen-triplet: 1000.000000
  fast spr radius: AUTO
  spr subtree cutoff: 1.000000
  fast CLV updates: ON
  branch lengths: proportional (ML estimate, algorithm: NR-FAST)
  SIMD kernels: AVX2
  parallelization: coarse-grained (auto), PTHREADS (auto)

[00:00:00] Reading alignment from file: toy_7tm_rhodopsin.fasta
[00:00:00] Loaded alignment with 18 taxa and 343 sites

Alignment comprises 1 partitions and 316 patterns

Partition 0: noname
Model: LG+FC+G4m
Alignment sites / patterns: 343 / 316
Gaps: 30.45 %
Invariant sites: 18.37 %


NOTE: Binary MSA file created: toy_7tm_rhodopsin.raxml.rba

Parallelization scheme autoconfig: 2 worker(s) x 1 thread(s)

[00:00:00] Generating 1 random starting tree(s) with 18 taxa
Parallel reduction/worker buffer size: 1 KB  / 0 KB

[00:00:00] Data distribution: max. partitions/sites/weight per thread: 1 / 316 / 25280
[00:00:00] Data distribution: max. searches per worker: 501

Starting ML tree search with 1 distinct starting trees

[00:00:02] [worker #0] ML tree search #1, logLikelihood: -7535.053431

[00:00:02] ML tree search completed, best tree logLH: -7535.053431

[00:00:02] Starting bootstrapping analysis with 1000 replicates.

[00:00:04] [worker #1] Bootstrap tree #2, logLikelihood: -7926.698652
[00:00:04] [worker #0] Bootstrap tree #1, logLikelihood: -8117.966039
[00:00:05] [worker #1] Bootstrap tree #4, logLikelihood: -7065.329614
[00:00:06] [worker #0] Bootstrap tree #3, logLikelihood: -7610.236110
[00:00:07] [worker #1] Bootstrap tree #6, logLikelihood: -7448.369772
[00:00:08] [worker #0] Bootstrap tree #5, logLikelihood: -7429.187520
[00:00:09] [worker #1] Bootstrap tree #8, logLikelihood: -7724.028730
[00:00:10] [worker #0] Bootstrap tree #7, logLikelihood: -7445.360315
[00:00:11] [worker #1] Bootstrap tree #10, logLikelihood: -7821.261261
[00:00:12] [worker #0] Bootstrap tree #9, logLikelihood: -7282.919448
[00:00:13] [worker #1] Bootstrap tree #12, logLikelihood: -7509.380116
[00:00:14] [worker #0] Bootstrap tree #11, logLikelihood: -7252.023060
[00:00:15] [worker #1] Bootstrap tree #14, logLikelihood: -7670.734912
[00:00:16] [worker #0] Bootstrap tree #13, logLikelihood: -7505.065021
[00:00:17] [worker #1] Bootstrap tree #16, logLikelihood: -7118.166185
[00:00:18] [worker #0] Bootstrap tree #15, logLikelihood: -7562.839900
[00:00:19] [worker #1] Bootstrap tree #18, logLikelihood: -7460.284082
[00:00:20] [worker #0] Bootstrap tree #17, logLikelihood: -7100.766588
[00:00:21] [worker #1] Bootstrap tree #20, logLikelihood: -7869.811333
[00:00:22] [worker #0] Bootstrap tree #19, logLikelihood: -7616.604433
[00:00:23] [worker #1] Bootstrap tree #22, logLikelihood: -7524.228652
[00:00:24] [worker #0] Bootstrap tree #21, logLikelihood: -8008.522386
[00:00:25] [worker #1] Bootstrap tree #24, logLikelihood: -7424.366985
[00:00:26] [worker #0] Bootstrap tree #23, logLikelihood: -7061.892736
[00:00:27] [worker #1] Bootstrap tree #26, logLikelihood: -7552.000246
[00:00:29] [worker #0] Bootstrap tree #25, logLikelihood: -7916.958896
[00:00:29] [worker #1] Bootstrap tree #28, logLikelihood: -7552.329556
[00:00:31] [worker #0] Bootstrap tree #27, logLikelihood: -7575.867203
[00:00:31] [worker #1] Bootstrap tree #30, logLikelihood: -7427.926631
[00:00:33] [worker #0] Bootstrap tree #29, logLikelihood: -7420.808192
[00:00:33] [worker #1] Bootstrap tree #32, logLikelihood: -7718.342484
[00:00:38] [worker #0] Bootstrap tree #31, logLikelihood: -7481.638414
[00:00:38] [worker #1] Bootstrap tree #34, logLikelihood: -7636.279409
[00:00:42] [worker #1] Bootstrap tree #36, logLikelihood: -7601.645435
[00:00:42] [worker #0] Bootstrap tree #33, logLikelihood: -7964.245804
[00:00:45] [worker #1] Bootstrap tree #38, logLikelihood: -7943.806294
[00:00:45] [worker #0] Bootstrap tree #35, logLikelihood: -7659.259442
[00:00:47] [worker #1] Bootstrap tree #40, logLikelihood: -7429.437456
[00:00:47] [worker #0] Bootstrap tree #37, logLikelihood: -7989.882669
[00:00:49] [worker #1] Bootstrap tree #42, logLikelihood: -7318.767340
[00:00:50] [worker #0] Bootstrap tree #39, logLikelihood: -7502.010281
[00:00:51] [worker #1] Bootstrap tree #44, logLikelihood: -7292.806307
[00:00:52] [worker #0] Bootstrap tree #41, logLikelihood: -7013.259178
[00:00:54] [worker #1] Bootstrap tree #46, logLikelihood: -7251.021401
[00:00:56] [worker #0] Bootstrap tree #43, logLikelihood: -7352.060101
[00:01:00] [worker #1] Bootstrap tree #48, logLikelihood: -7789.712580
[00:01:01] [worker #0] Bootstrap tree #45, logLikelihood: -7379.226262
[00:01:04] [worker #1] Bootstrap tree #50, logLikelihood: -7486.627632
[00:01:04] [worker #0] Bootstrap tree #47, logLikelihood: -7529.133021
[00:01:07] [worker #0] Bootstrap tree #49, logLikelihood: -7479.700432
[00:01:10] [worker #0] Bootstrap tree #51, logLikelihood: -7499.751007
[00:01:10] [worker #1] Bootstrap tree #52, logLikelihood: -7874.574805
[00:01:13] [worker #0] Bootstrap tree #53, logLikelihood: -7522.216908
[00:01:14] [worker #1] Bootstrap tree #54, logLikelihood: -7510.823098
[00:01:16] [worker #0] Bootstrap tree #55, logLikelihood: -7226.836975
[00:01:16] [worker #1] Bootstrap tree #56, logLikelihood: -7600.287536
[00:01:18] [worker #0] Bootstrap tree #57, logLikelihood: -7020.996359
[00:01:19] [worker #1] Bootstrap tree #58, logLikelihood: -7344.839837
[00:01:21] [worker #0] Bootstrap tree #59, logLikelihood: -7522.451852
[00:01:21] [worker #1] Bootstrap tree #60, logLikelihood: -7679.589676
[00:01:23] [worker #0] Bootstrap tree #61, logLikelihood: -7409.126071
[00:01:23] [worker #1] Bootstrap tree #62, logLikelihood: -7519.742812
[00:01:25] [worker #0] Bootstrap tree #63, logLikelihood: -7319.187634
[00:01:26] [worker #1] Bootstrap tree #64, logLikelihood: -7361.976033
[00:01:29] [worker #0] Bootstrap tree #65, logLikelihood: -7775.659188
[00:01:29] [worker #1] Bootstrap tree #66, logLikelihood: -7396.399415
[00:01:32] [worker #1] Bootstrap tree #68, logLikelihood: -7554.322004
[00:01:32] [worker #0] Bootstrap tree #67, logLikelihood: -7425.726618
[00:01:34] [worker #1] Bootstrap tree #70, logLikelihood: -7371.415750
[00:01:34] [worker #0] Bootstrap tree #69, logLikelihood: -7474.841158
[00:01:36] [worker #1] Bootstrap tree #72, logLikelihood: -7685.867610
[00:01:36] [worker #0] Bootstrap tree #71, logLikelihood: -7611.771405
[00:01:38] [worker #1] Bootstrap tree #74, logLikelihood: -7593.022091
[00:01:38] [worker #0] Bootstrap tree #73, logLikelihood: -7320.720846
[00:01:40] [worker #1] Bootstrap tree #76, logLikelihood: -7279.547511
[00:01:40] [worker #0] Bootstrap tree #75, logLikelihood: -7722.028210
[00:01:42] [worker #1] Bootstrap tree #78, logLikelihood: -7258.740995
[00:01:43] [worker #0] Bootstrap tree #77, logLikelihood: -7049.114461
[00:01:44] [worker #1] Bootstrap tree #80, logLikelihood: -7580.548555
[00:01:45] [worker #0] Bootstrap tree #79, logLikelihood: -7274.307413
[00:01:47] [worker #1] Bootstrap tree #82, logLikelihood: -8033.277783
[00:01:48] [worker #0] Bootstrap tree #81, logLikelihood: -7506.447785
[00:01:49] [worker #1] Bootstrap tree #84, logLikelihood: -7266.327063
[00:01:50] [worker #0] Bootstrap tree #83, logLikelihood: -7469.544541
[00:01:51] [worker #1] Bootstrap tree #86, logLikelihood: -7600.557567
[00:01:52] [worker #0] Bootstrap tree #85, logLikelihood: -7440.038786
[00:01:53] [worker #1] Bootstrap tree #88, logLikelihood: -7688.403926
[00:01:54] [worker #0] Bootstrap tree #87, logLikelihood: -7589.556017
[00:01:55] [worker #1] Bootstrap tree #90, logLikelihood: -7499.421082
[00:01:56] [worker #0] Bootstrap tree #89, logLikelihood: -7569.151052
[00:01:57] [worker #1] Bootstrap tree #92, logLikelihood: -7526.211962
[00:01:59] [worker #0] Bootstrap tree #91, logLikelihood: -7491.121947
[00:02:00] [worker #1] Bootstrap tree #94, logLikelihood: -7631.624024
[00:02:01] [worker #0] Bootstrap tree #93, logLikelihood: -7232.706850
[00:02:02] [worker #1] Bootstrap tree #96, logLikelihood: -7548.965681
[00:02:04] [worker #0] Bootstrap tree #95, logLikelihood: -7481.661409
[00:02:04] [worker #1] Bootstrap tree #98, logLikelihood: -7107.137352
[00:02:06] [worker #0] Bootstrap tree #97, logLikelihood: -7194.343927
[00:02:07] [worker #1] Bootstrap tree #100, logLikelihood: -7990.457080
[00:02:09] [worker #0] Bootstrap tree #99, logLikelihood: -7591.020773
[00:02:11] [worker #0] Bootstrap tree #101, logLikelihood: -7393.471969
[00:02:11] [worker #1] Bootstrap tree #102, logLikelihood: -7669.777236
[00:02:14] [worker #0] Bootstrap tree #103, logLikelihood: -7835.352641
[00:02:14] [worker #1] Bootstrap tree #104, logLikelihood: -7370.720481
[00:02:16] [worker #0] Bootstrap tree #105, logLikelihood: -7643.901341
[00:02:16] [worker #1] Bootstrap tree #106, logLikelihood: -7762.306399
[00:02:19] [worker #0] Bootstrap tree #107, logLikelihood: -7587.767829
[00:02:19] [worker #1] Bootstrap tree #108, logLikelihood: -7331.872242
[00:02:21] [worker #1] Bootstrap tree #110, logLikelihood: -7439.986414
[00:02:21] [worker #0] Bootstrap tree #109, logLikelihood: -7691.813742
[00:02:23] [worker #1] Bootstrap tree #112, logLikelihood: -7349.000712
[00:02:23] [worker #0] Bootstrap tree #111, logLikelihood: -7320.358755
[00:02:25] [worker #1] Bootstrap tree #114, logLikelihood: -7880.991515
[00:02:26] [worker #0] Bootstrap tree #113, logLikelihood: -7456.590803
[00:02:28] [worker #1] Bootstrap tree #116, logLikelihood: -7412.586440
[00:02:28] [worker #0] Bootstrap tree #115, logLikelihood: -7279.866428
[00:02:30] [worker #1] Bootstrap tree #118, logLikelihood: -7611.880678
[00:02:30] [worker #0] Bootstrap tree #117, logLikelihood: -7387.832603
[00:02:32] [worker #1] Bootstrap tree #120, logLikelihood: -7452.901259
[00:02:33] [worker #0] Bootstrap tree #119, logLikelihood: -7269.862874
[00:02:34] [worker #1] Bootstrap tree #122, logLikelihood: -7267.583191
[00:02:35] [worker #0] Bootstrap tree #121, logLikelihood: -7607.742403
[00:02:37] [worker #1] Bootstrap tree #124, logLikelihood: -7203.458192
[00:02:37] [worker #0] Bootstrap tree #123, logLikelihood: -7600.529758
[00:02:39] [worker #1] Bootstrap tree #126, logLikelihood: -7272.977326
[00:02:39] [worker #0] Bootstrap tree #125, logLikelihood: -7724.975385
[00:02:41] [worker #1] Bootstrap tree #128, logLikelihood: -7804.800540
[00:02:41] [worker #0] Bootstrap tree #127, logLikelihood: -7505.532810
[00:02:43] [worker #1] Bootstrap tree #130, logLikelihood: -7516.420975
[00:02:43] [worker #0] Bootstrap tree #129, logLikelihood: -7575.684012
[00:02:45] [worker #1] Bootstrap tree #132, logLikelihood: -7736.287856
[00:02:46] [worker #0] Bootstrap tree #131, logLikelihood: -7459.577511
[00:02:47] [worker #1] Bootstrap tree #134, logLikelihood: -7490.404240
[00:02:48] [worker #0] Bootstrap tree #133, logLikelihood: -7605.478142
[00:02:49] [worker #1] Bootstrap tree #136, logLikelihood: -7431.908565
[00:02:50] [worker #0] Bootstrap tree #135, logLikelihood: -7653.923732
[00:02:51] [worker #1] Bootstrap tree #138, logLikelihood: -7714.118502
[00:02:53] [worker #0] Bootstrap tree #137, logLikelihood: -7412.936088
[00:02:53] [worker #1] Bootstrap tree #140, logLikelihood: -7564.942839
[00:02:55] [worker #0] Bootstrap tree #139, logLikelihood: -7538.370743
[00:02:55] [worker #1] Bootstrap tree #142, logLikelihood: -7090.426749
[00:02:58] [worker #0] Bootstrap tree #141, logLikelihood: -7689.011635
[00:02:58] [worker #1] Bootstrap tree #144, logLikelihood: -7870.741748
[00:03:01] [worker #1] Bootstrap tree #146, logLikelihood: -7971.112432
[00:03:01] [worker #0] Bootstrap tree #143, logLikelihood: -7496.245666
[00:03:03] [worker #0] Bootstrap tree #145, logLikelihood: -7529.438545
[00:03:03] [worker #1] Bootstrap tree #148, logLikelihood: -7422.719565
[00:03:05] [worker #1] Bootstrap tree #150, logLikelihood: -7272.651355
[00:03:05] [worker #0] Bootstrap tree #147, logLikelihood: -7144.669809
[00:03:08] [worker #0] Bootstrap tree #149, logLikelihood: -7881.561239
[00:03:10] [worker #1] Bootstrap tree #152, logLikelihood: -7592.528750
[00:03:10] [worker #0] Bootstrap tree #151, logLikelihood: -7884.686512
[00:03:12] [worker #1] Bootstrap tree #154, logLikelihood: -7260.733617
[00:03:12] [worker #0] Bootstrap tree #153, logLikelihood: -7750.198109
[00:03:14] [worker #1] Bootstrap tree #156, logLikelihood: -7598.773525
[00:03:15] [worker #0] Bootstrap tree #155, logLikelihood: -7624.932095
[00:03:17] [worker #1] Bootstrap tree #158, logLikelihood: -7447.417595
[00:03:17] [worker #0] Bootstrap tree #157, logLikelihood: -7765.849219
[00:03:19] [worker #1] Bootstrap tree #160, logLikelihood: -7219.042985
[00:03:19] [worker #0] Bootstrap tree #159, logLikelihood: -7351.420319
[00:03:21] [worker #1] Bootstrap tree #162, logLikelihood: -7818.475749
[00:03:22] [worker #0] Bootstrap tree #161, logLikelihood: -7816.304040
[00:03:24] [worker #1] Bootstrap tree #164, logLikelihood: -7130.681277
[00:03:24] [worker #0] Bootstrap tree #163, logLikelihood: -7408.914259
[00:03:26] [worker #1] Bootstrap tree #166, logLikelihood: -7898.803883
[00:03:27] [worker #0] Bootstrap tree #165, logLikelihood: -7563.526293
[00:03:28] [worker #1] Bootstrap tree #168, logLikelihood: -7594.056630
[00:03:30] [worker #0] Bootstrap tree #167, logLikelihood: -7918.036336
[00:03:31] [worker #1] Bootstrap tree #170, logLikelihood: -7802.746790
[00:03:32] [worker #0] Bootstrap tree #169, logLikelihood: -7385.221735
[00:03:33] [worker #1] Bootstrap tree #172, logLikelihood: -7601.512044
[00:03:34] [worker #0] Bootstrap tree #171, logLikelihood: -7089.347211
[00:03:35] [worker #1] Bootstrap tree #174, logLikelihood: -7627.270730
[00:03:37] [worker #0] Bootstrap tree #173, logLikelihood: -7664.599532
[00:03:37] [worker #1] Bootstrap tree #176, logLikelihood: -7363.779321
[00:03:39] [worker #1] Bootstrap tree #178, logLikelihood: -7336.682818
[00:03:39] [worker #0] Bootstrap tree #175, logLikelihood: -7535.647690
[00:03:41] [worker #1] Bootstrap tree #180, logLikelihood: -7700.595037
[00:03:42] [worker #0] Bootstrap tree #177, logLikelihood: -7286.448507
[00:03:44] [worker #1] Bootstrap tree #182, logLikelihood: -7050.222344
[00:03:44] [worker #0] Bootstrap tree #179, logLikelihood: -7677.590081
[00:03:46] [worker #1] Bootstrap tree #184, logLikelihood: -7510.457468
[00:03:46] [worker #0] Bootstrap tree #181, logLikelihood: -7754.252601
[00:03:47] [worker #1] Bootstrap tree #186, logLikelihood: -7273.270178
[00:03:48] [worker #0] Bootstrap tree #183, logLikelihood: -7629.002073
[00:03:50] [worker #1] Bootstrap tree #188, logLikelihood: -7702.774131
[00:03:50] [worker #0] Bootstrap tree #185, logLikelihood: -7204.794968
[00:03:52] [worker #1] Bootstrap tree #190, logLikelihood: -7416.546106
[00:03:53] [worker #0] Bootstrap tree #187, logLikelihood: -7600.457683
[00:03:54] [worker #1] Bootstrap tree #192, logLikelihood: -7627.776381
[00:03:55] [worker #0] Bootstrap tree #189, logLikelihood: -7328.526302
[00:03:56] [worker #1] Bootstrap tree #194, logLikelihood: -7650.350210
[00:03:57] [worker #0] Bootstrap tree #191, logLikelihood: -7472.716558
[00:03:58] [worker #1] Bootstrap tree #196, logLikelihood: -7079.304316
[00:03:59] [worker #0] Bootstrap tree #193, logLikelihood: -7328.366274
[00:04:00] [worker #1] Bootstrap tree #198, logLikelihood: -7489.117199
[00:04:01] [worker #0] Bootstrap tree #195, logLikelihood: -7525.704416
[00:04:02] [worker #1] Bootstrap tree #200, logLikelihood: -7684.822010
[00:04:03] [worker #0] Bootstrap tree #197, logLikelihood: -7474.111811
[00:04:06] [worker #0] Bootstrap tree #199, logLikelihood: -7266.578705
[00:04:07] [worker #1] Bootstrap tree #202, logLikelihood: -7148.368213
[00:04:08] [worker #0] Bootstrap tree #201, logLikelihood: -6983.817685
[00:04:10] [worker #1] Bootstrap tree #204, logLikelihood: -7443.980692
[00:04:10] [worker #0] Bootstrap tree #203, logLikelihood: -7732.515082
[00:04:12] [worker #1] Bootstrap tree #206, logLikelihood: -7378.019100
[00:04:13] [worker #0] Bootstrap tree #205, logLikelihood: -7321.459589
[00:04:15] [worker #1] Bootstrap tree #208, logLikelihood: -7391.550037
[00:04:15] [worker #0] Bootstrap tree #207, logLikelihood: -7353.571543
[00:04:17] [worker #1] Bootstrap tree #210, logLikelihood: -7332.571575
[00:04:18] [worker #0] Bootstrap tree #209, logLikelihood: -7723.857291
[00:04:19] [worker #1] Bootstrap tree #212, logLikelihood: -7007.644529
[00:04:20] [worker #0] Bootstrap tree #211, logLikelihood: -7697.942130
[00:04:21] [worker #1] Bootstrap tree #214, logLikelihood: -7559.591586
[00:04:22] [worker #0] Bootstrap tree #213, logLikelihood: -7515.296390
[00:04:24] [worker #1] Bootstrap tree #216, logLikelihood: -7061.751865
[00:04:27] [worker #0] Bootstrap tree #215, logLikelihood: -7577.103843
[00:04:27] [worker #1] Bootstrap tree #218, logLikelihood: -7444.874321
[00:04:29] [worker #0] Bootstrap tree #217, logLikelihood: -7163.766546
[00:04:29] [worker #1] Bootstrap tree #220, logLikelihood: -7914.045363
[00:04:31] [worker #0] Bootstrap tree #219, logLikelihood: -7388.444705
[00:04:32] [worker #1] Bootstrap tree #222, logLikelihood: -7574.412701
[00:04:34] [worker #0] Bootstrap tree #221, logLikelihood: -7695.927210
[00:04:34] [worker #1] Bootstrap tree #224, logLikelihood: -7352.493284
[00:04:36] [worker #0] Bootstrap tree #223, logLikelihood: -7897.567987
[00:04:37] [worker #1] Bootstrap tree #226, logLikelihood: -7623.402738
[00:04:39] [worker #0] Bootstrap tree #225, logLikelihood: -7393.466316
[00:04:39] [worker #1] Bootstrap tree #228, logLikelihood: -7850.389452
[00:04:41] [worker #0] Bootstrap tree #227, logLikelihood: -7435.207319
[00:04:42] [worker #1] Bootstrap tree #230, logLikelihood: -7862.953647
[00:04:44] [worker #0] Bootstrap tree #229, logLikelihood: -7968.326033
[00:04:44] [worker #1] Bootstrap tree #232, logLikelihood: -7196.573610
[00:04:46] [worker #0] Bootstrap tree #231, logLikelihood: -8062.755107
[00:04:46] [worker #1] Bootstrap tree #234, logLikelihood: -7705.341132
[00:04:48] [worker #0] Bootstrap tree #233, logLikelihood: -7529.447367
[00:04:48] [worker #1] Bootstrap tree #236, logLikelihood: -7771.135333
[00:04:50] [worker #1] Bootstrap tree #238, logLikelihood: -7831.715231
[00:04:51] [worker #0] Bootstrap tree #235, logLikelihood: -7679.021771
[00:04:53] [worker #0] Bootstrap tree #237, logLikelihood: -7369.712217
[00:04:53] [worker #1] Bootstrap tree #240, logLikelihood: -7594.476298
[00:04:55] [worker #0] Bootstrap tree #239, logLikelihood: -7254.741222
[00:04:55] [worker #1] Bootstrap tree #242, logLikelihood: -7804.590399
[00:04:58] [worker #0] Bootstrap tree #241, logLikelihood: -7376.280224
[00:04:58] [worker #1] Bootstrap tree #244, logLikelihood: -7316.402812
[00:05:00] [worker #0] Bootstrap tree #243, logLikelihood: -7495.569978
[00:05:00] [worker #1] Bootstrap tree #246, logLikelihood: -7649.236893
[00:05:03] [worker #0] Bootstrap tree #245, logLikelihood: -7772.354800
[00:05:03] [worker #1] Bootstrap tree #248, logLikelihood: -7928.203542
[00:05:06] [worker #0] Bootstrap tree #247, logLikelihood: -7063.356944
[00:05:06] [worker #1] Bootstrap tree #250, logLikelihood: -7570.778371
[00:05:08] [worker #0] Bootstrap tree #249, logLikelihood: -7392.025969
[00:05:10] [worker #1] Bootstrap tree #252, logLikelihood: -7548.229292
[00:05:11] [worker #0] Bootstrap tree #251, logLikelihood: -7973.220872
[00:05:12] [worker #1] Bootstrap tree #254, logLikelihood: -7695.343970
[00:05:14] [worker #0] Bootstrap tree #253, logLikelihood: -7432.224128
[00:05:15] [worker #1] Bootstrap tree #256, logLikelihood: -6963.227856
[00:05:17] [worker #0] Bootstrap tree #255, logLikelihood: -7490.864834
[00:05:18] [worker #1] Bootstrap tree #258, logLikelihood: -7548.943593
[00:05:19] [worker #0] Bootstrap tree #257, logLikelihood: -7073.651566
[00:05:20] [worker #1] Bootstrap tree #260, logLikelihood: -7615.868298
[00:05:21] [worker #0] Bootstrap tree #259, logLikelihood: -7406.077023
[00:05:22] [worker #1] Bootstrap tree #262, logLikelihood: -7225.510845
[00:05:24] [worker #0] Bootstrap tree #261, logLikelihood: -7574.815898
[00:05:24] [worker #1] Bootstrap tree #264, logLikelihood: -7748.786310
[00:05:27] [worker #0] Bootstrap tree #263, logLikelihood: -7563.680260
[00:05:27] [worker #1] Bootstrap tree #266, logLikelihood: -7024.159279
[00:05:29] [worker #0] Bootstrap tree #265, logLikelihood: -7559.845256
[00:05:30] [worker #1] Bootstrap tree #268, logLikelihood: -7034.734869
[00:05:32] [worker #0] Bootstrap tree #267, logLikelihood: -7612.240220
[00:05:33] [worker #1] Bootstrap tree #270, logLikelihood: -7774.933336
[00:05:35] [worker #0] Bootstrap tree #269, logLikelihood: -7344.131977
[00:05:36] [worker #1] Bootstrap tree #272, logLikelihood: -7195.210569
[00:05:39] [worker #0] Bootstrap tree #271, logLikelihood: -7893.693042
[00:05:39] [worker #1] Bootstrap tree #274, logLikelihood: -7501.987812
[00:05:42] [worker #0] Bootstrap tree #273, logLikelihood: -7612.455951
[00:05:43] [worker #1] Bootstrap tree #276, logLikelihood: -7694.559310
[00:05:45] [worker #0] Bootstrap tree #275, logLikelihood: -7818.855387
[00:05:45] [worker #1] Bootstrap tree #278, logLikelihood: -7449.564758
[00:05:48] [worker #0] Bootstrap tree #277, logLikelihood: -6893.026229
[00:05:48] [worker #1] Bootstrap tree #280, logLikelihood: -7676.516195
[00:05:52] [worker #1] Bootstrap tree #282, logLikelihood: -7463.827175
[00:05:52] [worker #0] Bootstrap tree #279, logLikelihood: -7637.672491
[00:05:55] [worker #1] Bootstrap tree #284, logLikelihood: -7522.992282
[00:05:56] [worker #0] Bootstrap tree #281, logLikelihood: -7373.723104
[00:05:58] [worker #1] Bootstrap tree #286, logLikelihood: -8031.981992
[00:05:59] [worker #0] Bootstrap tree #283, logLikelihood: -7551.405581
[00:06:02] [worker #1] Bootstrap tree #288, logLikelihood: -7811.813315
[00:06:02] [worker #0] Bootstrap tree #285, logLikelihood: -7864.854197
[00:06:04] [worker #1] Bootstrap tree #290, logLikelihood: -7517.802795
[00:06:04] [worker #0] Bootstrap tree #287, logLikelihood: -7837.335958
[00:06:07] [worker #1] Bootstrap tree #292, logLikelihood: -7244.859884
[00:06:07] [worker #0] Bootstrap tree #289, logLikelihood: -7318.043455
[00:06:10] [worker #1] Bootstrap tree #294, logLikelihood: -7601.453885
[00:06:10] [worker #0] Bootstrap tree #291, logLikelihood: -7647.702605
[00:06:13] [worker #1] Bootstrap tree #296, logLikelihood: -7131.786157
[00:06:13] [worker #0] Bootstrap tree #293, logLikelihood: -7515.071076
[00:06:16] [worker #1] Bootstrap tree #298, logLikelihood: -7601.965388
[00:06:17] [worker #0] Bootstrap tree #295, logLikelihood: -7377.702021
[00:06:19] [worker #1] Bootstrap tree #300, logLikelihood: -7561.553467
[00:06:19] [worker #0] Bootstrap tree #297, logLikelihood: -7563.066440
[00:06:22] [worker #0] Bootstrap tree #299, logLikelihood: -7642.931507
[00:06:24] [worker #1] Bootstrap tree #302, logLikelihood: -7222.837609
[00:06:25] [worker #0] Bootstrap tree #301, logLikelihood: -7333.659468
[00:06:27] [worker #1] Bootstrap tree #304, logLikelihood: -7617.038993
[00:06:28] [worker #0] Bootstrap tree #303, logLikelihood: -7386.344752
[00:06:30] [worker #1] Bootstrap tree #306, logLikelihood: -7253.343634
[00:06:30] [worker #0] Bootstrap tree #305, logLikelihood: -7582.678998
[00:06:33] [worker #1] Bootstrap tree #308, logLikelihood: -7510.874218
[00:06:33] [worker #0] Bootstrap tree #307, logLikelihood: -7785.659388
[00:06:36] [worker #1] Bootstrap tree #310, logLikelihood: -7638.105827
[00:06:37] [worker #0] Bootstrap tree #309, logLikelihood: -7591.951786
[00:06:39] [worker #1] Bootstrap tree #312, logLikelihood: -7332.550509
[00:06:41] [worker #0] Bootstrap tree #311, logLikelihood: -7508.243928
[00:06:43] [worker #1] Bootstrap tree #314, logLikelihood: -7370.528447
[00:06:44] [worker #0] Bootstrap tree #313, logLikelihood: -7801.555420
[00:06:45] [worker #1] Bootstrap tree #316, logLikelihood: -7323.612944
[00:06:47] [worker #0] Bootstrap tree #315, logLikelihood: -7917.697920
[00:06:48] [worker #1] Bootstrap tree #318, logLikelihood: -7526.814549
[00:06:50] [worker #0] Bootstrap tree #317, logLikelihood: -7178.466411
[00:06:51] [worker #1] Bootstrap tree #320, logLikelihood: -7547.091285
[00:06:53] [worker #0] Bootstrap tree #319, logLikelihood: -7435.428386
[00:06:53] [worker #1] Bootstrap tree #322, logLikelihood: -7124.428903
[00:06:55] [worker #0] Bootstrap tree #321, logLikelihood: -7055.139207
[00:06:56] [worker #1] Bootstrap tree #324, logLikelihood: -7480.027493
[00:06:58] [worker #0] Bootstrap tree #323, logLikelihood: -7418.519982
[00:06:58] [worker #1] Bootstrap tree #326, logLikelihood: -7507.410739
[00:07:01] [worker #0] Bootstrap tree #325, logLikelihood: -7753.692429
[00:07:01] [worker #1] Bootstrap tree #328, logLikelihood: -7205.943395
[00:07:04] [worker #0] Bootstrap tree #327, logLikelihood: -7437.760506
[00:07:04] [worker #1] Bootstrap tree #330, logLikelihood: -7718.500991
[00:07:07] [worker #0] Bootstrap tree #329, logLikelihood: -7688.262810
[00:07:07] [worker #1] Bootstrap tree #332, logLikelihood: -7154.749602
[00:07:11] [worker #0] Bootstrap tree #331, logLikelihood: -7455.582932
[00:07:11] [worker #1] Bootstrap tree #334, logLikelihood: -7731.571546
[00:07:14] [worker #1] Bootstrap tree #336, logLikelihood: -7571.240335
[00:07:14] [worker #0] Bootstrap tree #333, logLikelihood: -7482.336032
[00:07:17] [worker #1] Bootstrap tree #338, logLikelihood: -7070.088475
[00:07:18] [worker #0] Bootstrap tree #335, logLikelihood: -7427.289018
[00:07:20] [worker #1] Bootstrap tree #340, logLikelihood: -7229.345855
[00:07:21] [worker #0] Bootstrap tree #337, logLikelihood: -7436.928078
[00:07:23] [worker #1] Bootstrap tree #342, logLikelihood: -7351.546905
[00:07:24] [worker #0] Bootstrap tree #339, logLikelihood: -7731.564325
[00:07:25] [worker #1] Bootstrap tree #344, logLikelihood: -7302.783190
[00:07:27] [worker #0] Bootstrap tree #341, logLikelihood: -7559.002305
[00:07:28] [worker #1] Bootstrap tree #346, logLikelihood: -7189.387111
[00:07:30] [worker #0] Bootstrap tree #343, logLikelihood: -7609.872082
[00:07:30] [worker #1] Bootstrap tree #348, logLikelihood: -7756.255350
[00:07:32] [worker #1] Bootstrap tree #350, logLikelihood: -7648.138718
[00:07:32] [worker #0] Bootstrap tree #345, logLikelihood: -7913.557622
[00:07:35] [worker #0] Bootstrap tree #347, logLikelihood: -8116.662776
[00:07:38] [worker #0] Bootstrap tree #349, logLikelihood: -7406.600964
[00:07:41] [worker #0] Bootstrap tree #351, logLikelihood: -7605.821430
[00:07:41] [worker #1] Bootstrap tree #352, logLikelihood: -7488.067618
[00:07:43] [worker #1] Bootstrap tree #354, logLikelihood: -7342.274596
[00:07:43] [worker #0] Bootstrap tree #353, logLikelihood: -7583.539754
[00:07:45] [worker #1] Bootstrap tree #356, logLikelihood: -7648.149230
[00:07:45] [worker #0] Bootstrap tree #355, logLikelihood: -7356.732678
[00:07:47] [worker #0] Bootstrap tree #357, logLikelihood: -7004.673501
[00:07:48] [worker #1] Bootstrap tree #358, logLikelihood: -7100.277855
[00:07:50] [worker #1] Bootstrap tree #360, logLikelihood: -7750.747975
[00:07:50] [worker #0] Bootstrap tree #359, logLikelihood: -7186.243322
[00:07:52] [worker #1] Bootstrap tree #362, logLikelihood: -7564.826560
[00:07:53] [worker #0] Bootstrap tree #361, logLikelihood: -7570.052041
[00:07:55] [worker #1] Bootstrap tree #364, logLikelihood: -7249.343540
[00:07:55] [worker #0] Bootstrap tree #363, logLikelihood: -7265.644193
[00:07:57] [worker #1] Bootstrap tree #366, logLikelihood: -7848.377699
[00:07:58] [worker #0] Bootstrap tree #365, logLikelihood: -7683.788224
[00:08:00] [worker #1] Bootstrap tree #368, logLikelihood: -7746.222537
[00:08:01] [worker #0] Bootstrap tree #367, logLikelihood: -7206.942607
[00:08:04] [worker #1] Bootstrap tree #370, logLikelihood: -7389.809087
[00:08:04] [worker #0] Bootstrap tree #369, logLikelihood: -7765.771457
[00:08:08] [worker #1] Bootstrap tree #372, logLikelihood: -7324.365853
[00:08:08] [worker #0] Bootstrap tree #371, logLikelihood: -7399.867374
[00:08:11] [worker #1] Bootstrap tree #374, logLikelihood: -7450.109803
[00:08:11] [worker #0] Bootstrap tree #373, logLikelihood: -7401.881536
[00:08:13] [worker #1] Bootstrap tree #376, logLikelihood: -7237.852116
[00:08:14] [worker #0] Bootstrap tree #375, logLikelihood: -7288.245894
[00:08:16] [worker #1] Bootstrap tree #378, logLikelihood: -7677.613107
[00:08:17] [worker #0] Bootstrap tree #377, logLikelihood: -7564.566875
[00:08:18] [worker #1] Bootstrap tree #380, logLikelihood: -7360.364646
[00:08:20] [worker #0] Bootstrap tree #379, logLikelihood: -7685.203517
[00:08:21] [worker #1] Bootstrap tree #382, logLikelihood: -7743.831729
[00:08:23] [worker #0] Bootstrap tree #381, logLikelihood: -7817.157505
[00:08:23] [worker #1] Bootstrap tree #384, logLikelihood: -7363.478169
[00:08:25] [worker #0] Bootstrap tree #383, logLikelihood: -7494.725707
[00:08:26] [worker #1] Bootstrap tree #386, logLikelihood: -7955.219531
[00:08:27] [worker #0] Bootstrap tree #385, logLikelihood: -7099.200857
[00:08:28] [worker #1] Bootstrap tree #388, logLikelihood: -7514.611909
[00:08:30] [worker #0] Bootstrap tree #387, logLikelihood: -7530.958982
[00:08:30] [worker #1] Bootstrap tree #390, logLikelihood: -7549.435250
[00:08:32] [worker #1] Bootstrap tree #392, logLikelihood: -7581.922955
[00:08:32] [worker #0] Bootstrap tree #389, logLikelihood: -7372.687087
[00:08:34] [worker #1] Bootstrap tree #394, logLikelihood: -6763.221754
[00:08:35] [worker #0] Bootstrap tree #391, logLikelihood: -7531.665382
[00:08:36] [worker #1] Bootstrap tree #396, logLikelihood: -7775.955238
[00:08:37] [worker #0] Bootstrap tree #393, logLikelihood: -7447.631865
[00:08:39] [worker #1] Bootstrap tree #398, logLikelihood: -7514.664510
[00:08:39] [worker #0] Bootstrap tree #395, logLikelihood: -6903.336097
[00:08:41] [worker #1] Bootstrap tree #400, logLikelihood: -7452.504435
[00:08:41] [worker #0] Bootstrap tree #397, logLikelihood: -7262.057755
[00:08:44] [worker #0] Bootstrap tree #399, logLikelihood: -7668.816702
[00:08:45] [worker #1] Bootstrap tree #402, logLikelihood: -7394.426955
[00:08:46] [worker #0] Bootstrap tree #401, logLikelihood: -7562.806586
[00:08:48] [worker #1] Bootstrap tree #404, logLikelihood: -7931.746094
[00:08:48] [worker #0] Bootstrap tree #403, logLikelihood: -7964.711831
[00:08:50] [worker #1] Bootstrap tree #406, logLikelihood: -7077.022209
[00:08:50] [worker #0] Bootstrap tree #405, logLikelihood: -7775.846104
[00:08:52] [worker #1] Bootstrap tree #408, logLikelihood: -7498.502371
[00:08:52] [worker #0] Bootstrap tree #407, logLikelihood: -7513.874048
[00:08:54] [worker #1] Bootstrap tree #410, logLikelihood: -7463.169814
[00:08:55] [worker #0] Bootstrap tree #409, logLikelihood: -7421.572865
[00:08:56] [worker #1] Bootstrap tree #412, logLikelihood: -7515.697111
[00:08:57] [worker #0] Bootstrap tree #411, logLikelihood: -7443.439497
[00:08:59] [worker #1] Bootstrap tree #414, logLikelihood: -7794.122267
[00:09:00] [worker #0] Bootstrap tree #413, logLikelihood: -7757.097155
[00:09:01] [worker #1] Bootstrap tree #416, logLikelihood: -7484.293472
[00:09:02] [worker #0] Bootstrap tree #415, logLikelihood: -7075.016476
[00:09:04] [worker #1] Bootstrap tree #418, logLikelihood: -7299.596329
[00:09:05] [worker #0] Bootstrap tree #417, logLikelihood: -7510.327228
[00:09:06] [worker #1] Bootstrap tree #420, logLikelihood: -7461.262425
[00:09:07] [worker #0] Bootstrap tree #419, logLikelihood: -8000.346688
[00:09:08] [worker #1] Bootstrap tree #422, logLikelihood: -7493.888140
[00:09:10] [worker #0] Bootstrap tree #421, logLikelihood: -7701.583211
[00:09:11] [worker #1] Bootstrap tree #424, logLikelihood: -7881.492152
[00:09:13] [worker #0] Bootstrap tree #423, logLikelihood: -8034.774576
[00:09:13] [worker #1] Bootstrap tree #426, logLikelihood: -7232.323124
[00:09:15] [worker #1] Bootstrap tree #428, logLikelihood: -7428.472111
[00:09:15] [worker #0] Bootstrap tree #425, logLikelihood: -7531.286823
[00:09:18] [worker #1] Bootstrap tree #430, logLikelihood: -7637.322909
[00:09:19] [worker #0] Bootstrap tree #427, logLikelihood: -7781.330026
[00:09:21] [worker #1] Bootstrap tree #432, logLikelihood: -7262.099239
[00:09:22] [worker #0] Bootstrap tree #429, logLikelihood: -7288.546697
[00:09:24] [worker #1] Bootstrap tree #434, logLikelihood: -7765.016301
[00:09:25] [worker #0] Bootstrap tree #431, logLikelihood: -7912.317447
[00:09:27] [worker #1] Bootstrap tree #436, logLikelihood: -7523.545066
[00:09:28] [worker #0] Bootstrap tree #433, logLikelihood: -7369.780877
[00:09:30] [worker #1] Bootstrap tree #438, logLikelihood: -7703.649166
[00:09:31] [worker #0] Bootstrap tree #435, logLikelihood: -7975.271118
[00:09:34] [worker #1] Bootstrap tree #440, logLikelihood: -7195.597937
[00:09:34] [worker #0] Bootstrap tree #437, logLikelihood: -7643.726332
[00:09:37] [worker #1] Bootstrap tree #442, logLikelihood: -7499.942666
[00:09:37] [worker #0] Bootstrap tree #439, logLikelihood: -7453.440334
[00:09:39] [worker #1] Bootstrap tree #444, logLikelihood: -7503.611076
[00:09:40] [worker #0] Bootstrap tree #441, logLikelihood: -7531.721812
[00:09:41] [worker #1] Bootstrap tree #446, logLikelihood: -7644.873453
[00:09:42] [worker #0] Bootstrap tree #443, logLikelihood: -7486.307581
[00:09:44] [worker #1] Bootstrap tree #448, logLikelihood: -7532.189786
[00:09:45] [worker #0] Bootstrap tree #445, logLikelihood: -7349.241634
[00:09:46] [worker #1] Bootstrap tree #450, logLikelihood: -7662.684733
[00:09:47] [worker #0] Bootstrap tree #447, logLikelihood: -7387.603380
[00:09:50] [worker #0] Bootstrap tree #449, logLikelihood: -7161.222500
[00:09:52] [worker #1] Bootstrap tree #452, logLikelihood: -7895.396723
[00:09:53] [worker #0] Bootstrap tree #451, logLikelihood: -7292.742728
[00:09:55] [worker #1] Bootstrap tree #454, logLikelihood: -7555.591922
[00:09:56] [worker #0] Bootstrap tree #453, logLikelihood: -7691.870746
[00:09:58] [worker #1] Bootstrap tree #456, logLikelihood: -7703.496240
[00:10:00] [worker #0] Bootstrap tree #455, logLikelihood: -7458.864270
[00:10:02] [worker #1] Bootstrap tree #458, logLikelihood: -7568.236477
[00:10:03] [worker #0] Bootstrap tree #457, logLikelihood: -7239.575028
[00:10:05] [worker #1] Bootstrap tree #460, logLikelihood: -7400.484913
[00:10:07] [worker #0] Bootstrap tree #459, logLikelihood: -7705.781815
[00:10:08] [worker #1] Bootstrap tree #462, logLikelihood: -7828.228667
[00:10:09] [worker #0] Bootstrap tree #461, logLikelihood: -6621.206511
[00:10:11] [worker #1] Bootstrap tree #464, logLikelihood: -7483.629411
[00:10:13] [worker #0] Bootstrap tree #463, logLikelihood: -7763.651489
[00:10:14] [worker #1] Bootstrap tree #466, logLikelihood: -7749.706430
[00:10:15] [worker #0] Bootstrap tree #465, logLikelihood: -7802.475150
[00:10:16] [worker #1] Bootstrap tree #468, logLikelihood: -7495.549855
[00:10:18] [worker #0] Bootstrap tree #467, logLikelihood: -7553.709616
[00:10:19] [worker #1] Bootstrap tree #470, logLikelihood: -7634.962860
[00:10:21] [worker #0] Bootstrap tree #469, logLikelihood: -7753.305526
[00:10:22] [worker #1] Bootstrap tree #472, logLikelihood: -7333.796204
[00:10:24] [worker #0] Bootstrap tree #471, logLikelihood: -7480.298361
[00:10:24] [worker #1] Bootstrap tree #474, logLikelihood: -7447.767333
[00:10:27] [worker #0] Bootstrap tree #473, logLikelihood: -7748.644880
[00:10:27] [worker #1] Bootstrap tree #476, logLikelihood: -8003.577590
[00:10:29] [worker #0] Bootstrap tree #475, logLikelihood: -7507.387334
[00:10:29] [worker #1] Bootstrap tree #478, logLikelihood: -7148.677262
[00:10:31] [worker #1] Bootstrap tree #480, logLikelihood: -6980.038769
[00:10:32] [worker #0] Bootstrap tree #477, logLikelihood: -7549.006635
[00:10:34] [worker #1] Bootstrap tree #482, logLikelihood: -7320.147759
[00:10:34] [worker #0] Bootstrap tree #479, logLikelihood: -7462.677918
[00:10:36] [worker #1] Bootstrap tree #484, logLikelihood: -7449.244751
[00:10:36] [worker #0] Bootstrap tree #481, logLikelihood: -7253.211793
[00:10:39] [worker #1] Bootstrap tree #486, logLikelihood: -7674.201838
[00:10:39] [worker #0] Bootstrap tree #483, logLikelihood: -7450.122628
[00:10:41] [worker #1] Bootstrap tree #488, logLikelihood: -7180.782955
[00:10:41] [worker #0] Bootstrap tree #485, logLikelihood: -7359.626952
[00:10:43] [worker #1] Bootstrap tree #490, logLikelihood: -6955.950808
[00:10:44] [worker #0] Bootstrap tree #487, logLikelihood: -7696.434442
[00:10:45] [worker #1] Bootstrap tree #492, logLikelihood: -7718.233411
[00:10:47] [worker #0] Bootstrap tree #489, logLikelihood: -7723.736398
[00:10:48] [worker #1] Bootstrap tree #494, logLikelihood: -7319.848407
[00:10:50] [worker #0] Bootstrap tree #491, logLikelihood: -7433.564253
[00:10:51] [worker #1] Bootstrap tree #496, logLikelihood: -7402.564674
[00:10:53] [worker #0] Bootstrap tree #493, logLikelihood: -7699.297220
[00:10:54] [worker #1] Bootstrap tree #498, logLikelihood: -7481.030125
[00:10:57] [worker #0] Bootstrap tree #495, logLikelihood: -7471.322301
[00:10:57] [worker #1] Bootstrap tree #500, logLikelihood: -7848.246016
[00:11:00] [worker #0] Bootstrap tree #497, logLikelihood: -7381.929445
[00:11:03] [worker #0] Bootstrap tree #499, logLikelihood: -7601.329199
[00:11:06] [worker #1] Bootstrap tree #502, logLikelihood: -7325.643011
[00:11:06] [worker #0] Bootstrap tree #501, logLikelihood: -7975.728913
[00:11:08] [worker #1] Bootstrap tree #504, logLikelihood: -7553.120382
[00:11:08] [worker #0] Bootstrap tree #503, logLikelihood: -7806.852531
[00:11:10] [worker #1] Bootstrap tree #506, logLikelihood: -7690.479253
[00:11:11] [worker #0] Bootstrap tree #505, logLikelihood: -7569.909569
[00:11:12] [worker #1] Bootstrap tree #508, logLikelihood: -7618.319802
[00:11:13] [worker #0] Bootstrap tree #507, logLikelihood: -7652.049064
[00:11:14] [worker #1] Bootstrap tree #510, logLikelihood: -7629.246427
[00:11:15] [worker #0] Bootstrap tree #509, logLikelihood: -7699.771904
[00:11:16] [worker #1] Bootstrap tree #512, logLikelihood: -7980.996318
[00:11:18] [worker #0] Bootstrap tree #511, logLikelihood: -7970.432220
[00:11:19] [worker #1] Bootstrap tree #514, logLikelihood: -7369.720183
[00:11:21] [worker #0] Bootstrap tree #513, logLikelihood: -7231.611327
[00:11:21] [worker #1] Bootstrap tree #516, logLikelihood: -7685.636238
[00:11:23] [worker #0] Bootstrap tree #515, logLikelihood: -7549.187278
[00:11:24] [worker #1] Bootstrap tree #518, logLikelihood: -8029.166247
[00:11:27] [worker #0] Bootstrap tree #517, logLikelihood: -7722.539188
[00:11:27] [worker #1] Bootstrap tree #520, logLikelihood: -7475.375719
[00:11:29] [worker #0] Bootstrap tree #519, logLikelihood: -7151.880864
[00:11:29] [worker #1] Bootstrap tree #522, logLikelihood: -7653.489260
[00:11:31] [worker #0] Bootstrap tree #521, logLikelihood: -7648.488577
[00:11:31] [worker #1] Bootstrap tree #524, logLikelihood: -7359.811144
[00:11:34] [worker #1] Bootstrap tree #526, logLikelihood: -7064.730145
[00:11:34] [worker #0] Bootstrap tree #523, logLikelihood: -7242.348400
[00:11:37] [worker #1] Bootstrap tree #528, logLikelihood: -7208.259881
[00:11:38] [worker #0] Bootstrap tree #525, logLikelihood: -7756.759453
[00:11:41] [worker #1] Bootstrap tree #530, logLikelihood: -7439.239744
[00:11:41] [worker #0] Bootstrap tree #527, logLikelihood: -7878.763094
[00:11:44] [worker #1] Bootstrap tree #532, logLikelihood: -7348.056067
[00:11:44] [worker #0] Bootstrap tree #529, logLikelihood: -7617.953814
[00:11:46] [worker #1] Bootstrap tree #534, logLikelihood: -7162.400299
[00:11:47] [worker #0] Bootstrap tree #531, logLikelihood: -7657.305186
[00:11:48] [worker #1] Bootstrap tree #536, logLikelihood: -7177.616203
[00:11:50] [worker #0] Bootstrap tree #533, logLikelihood: -7609.229056
[00:11:51] [worker #1] Bootstrap tree #538, logLikelihood: -7644.131598
[00:11:52] [worker #0] Bootstrap tree #535, logLikelihood: -7118.773880
[00:11:54] [worker #1] Bootstrap tree #540, logLikelihood: -7847.027881
[00:11:57] [worker #0] Bootstrap tree #537, logLikelihood: -7641.102200
[00:11:59] [worker #1] Bootstrap tree #542, logLikelihood: -6995.180401
[00:12:01] [worker #0] Bootstrap tree #539, logLikelihood: -7339.670224
[00:12:01] [worker #1] Bootstrap tree #544, logLikelihood: -7315.601157
[00:12:03] [worker #0] Bootstrap tree #541, logLikelihood: -7542.764157
[00:12:04] [worker #1] Bootstrap tree #546, logLikelihood: -7789.704687
[00:12:07] [worker #0] Bootstrap tree #543, logLikelihood: -7590.692713
[00:12:07] [worker #1] Bootstrap tree #548, logLikelihood: -7762.239635
[00:12:10] [worker #1] Bootstrap tree #550, logLikelihood: -7449.127703
[00:12:10] [worker #0] Bootstrap tree #545, logLikelihood: -7370.657904
[00:12:14] [worker #0] Bootstrap tree #547, logLikelihood: -7804.121340
[00:12:17] [worker #0] Bootstrap tree #549, logLikelihood: -7511.654651
[00:12:19] [worker #0] Bootstrap tree #551, logLikelihood: -8066.053697
[00:12:19] [worker #1] Bootstrap tree #552, logLikelihood: -7757.416860
[00:12:21] [worker #0] Bootstrap tree #553, logLikelihood: -7286.268486
[00:12:22] [worker #1] Bootstrap tree #554, logLikelihood: -7436.956772
[00:12:23] [worker #0] Bootstrap tree #555, logLikelihood: -7078.421254
[00:12:24] [worker #1] Bootstrap tree #556, logLikelihood: -7691.590125
[00:12:26] [worker #0] Bootstrap tree #557, logLikelihood: -7395.647844
[00:12:27] [worker #1] Bootstrap tree #558, logLikelihood: -7434.887961
[00:12:28] [worker #0] Bootstrap tree #559, logLikelihood: -7655.910063
[00:12:29] [worker #1] Bootstrap tree #560, logLikelihood: -7649.037096
[00:12:31] [worker #0] Bootstrap tree #561, logLikelihood: -7342.810056
[00:12:32] [worker #1] Bootstrap tree #562, logLikelihood: -7595.961023
[00:12:34] [worker #0] Bootstrap tree #563, logLikelihood: -7827.147003
[00:12:34] [worker #1] Bootstrap tree #564, logLikelihood: -7721.567769
[00:12:37] [worker #0] Bootstrap tree #565, logLikelihood: -7671.461777
[00:12:37] [worker #1] Bootstrap tree #566, logLikelihood: -7887.597150
[00:12:39] [worker #0] Bootstrap tree #567, logLikelihood: -7574.426448
[00:12:39] [worker #1] Bootstrap tree #568, logLikelihood: -7519.921298
[00:12:42] [worker #1] Bootstrap tree #570, logLikelihood: -7371.892456
[00:12:42] [worker #0] Bootstrap tree #569, logLikelihood: -7556.910650
[00:12:44] [worker #0] Bootstrap tree #571, logLikelihood: -7328.101698
[00:12:45] [worker #1] Bootstrap tree #572, logLikelihood: -7082.922519
[00:12:47] [worker #0] Bootstrap tree #573, logLikelihood: -8037.537359
[00:12:47] [worker #1] Bootstrap tree #574, logLikelihood: -7739.653200
[00:12:49] [worker #0] Bootstrap tree #575, logLikelihood: -7882.063023
[00:12:49] [worker #1] Bootstrap tree #576, logLikelihood: -7322.358285
[00:12:51] [worker #0] Bootstrap tree #577, logLikelihood: -7407.833318
[00:12:52] [worker #1] Bootstrap tree #578, logLikelihood: -7780.708006
[00:12:54] [worker #1] Bootstrap tree #580, logLikelihood: -7662.710231
[00:12:54] [worker #0] Bootstrap tree #579, logLikelihood: -7621.391252
[00:12:57] [worker #1] Bootstrap tree #582, logLikelihood: -7596.673539
[00:12:57] [worker #0] Bootstrap tree #581, logLikelihood: -8237.658201
[00:12:59] [worker #1] Bootstrap tree #584, logLikelihood: -7548.456865
[00:13:00] [worker #0] Bootstrap tree #583, logLikelihood: -7953.555531
[00:13:02] [worker #1] Bootstrap tree #586, logLikelihood: -7197.226866
[00:13:03] [worker #0] Bootstrap tree #585, logLikelihood: -7481.696667
[00:13:05] [worker #1] Bootstrap tree #588, logLikelihood: -7505.700631
[00:13:06] [worker #0] Bootstrap tree #587, logLikelihood: -7973.453509
[00:13:08] [worker #1] Bootstrap tree #590, logLikelihood: -7417.464349
[00:13:09] [worker #0] Bootstrap tree #589, logLikelihood: -7352.357090
[00:13:11] [worker #1] Bootstrap tree #592, logLikelihood: -7531.751612
[00:13:12] [worker #0] Bootstrap tree #591, logLikelihood: -7002.847443
[00:13:14] [worker #1] Bootstrap tree #594, logLikelihood: -7612.479163
[00:13:16] [worker #0] Bootstrap tree #593, logLikelihood: -7387.408193
[00:13:17] [worker #1] Bootstrap tree #596, logLikelihood: -7567.313798
[00:13:18] [worker #0] Bootstrap tree #595, logLikelihood: -7325.118145
[00:13:20] [worker #1] Bootstrap tree #598, logLikelihood: -7137.364790
[00:13:22] [worker #0] Bootstrap tree #597, logLikelihood: -7336.597135
[00:13:23] [worker #1] Bootstrap tree #600, logLikelihood: -7612.320089
[00:13:25] [worker #0] Bootstrap tree #599, logLikelihood: -7277.378067
[00:13:28] [worker #0] Bootstrap tree #601, logLikelihood: -7528.802638
[00:13:28] [worker #1] Bootstrap tree #602, logLikelihood: -7463.520362
[00:13:30] [worker #0] Bootstrap tree #603, logLikelihood: -7526.089397
[00:13:31] [worker #1] Bootstrap tree #604, logLikelihood: -7515.386713
[00:13:33] [worker #0] Bootstrap tree #605, logLikelihood: -7690.290934
[00:13:33] [worker #1] Bootstrap tree #606, logLikelihood: -7281.473735
[00:13:35] [worker #1] Bootstrap tree #608, logLikelihood: -7354.959335
[00:13:35] [worker #0] Bootstrap tree #607, logLikelihood: -7686.619779
[00:13:38] [worker #1] Bootstrap tree #610, logLikelihood: -7665.709194
[00:13:38] [worker #0] Bootstrap tree #609, logLikelihood: -7354.541248
[00:13:41] [worker #1] Bootstrap tree #612, logLikelihood: -7314.332268
[00:13:41] [worker #0] Bootstrap tree #611, logLikelihood: -7317.457806
[00:13:43] [worker #1] Bootstrap tree #614, logLikelihood: -7868.285799
[00:13:43] [worker #0] Bootstrap tree #613, logLikelihood: -7377.487190
[00:13:45] [worker #1] Bootstrap tree #616, logLikelihood: -7614.854783
[00:13:46] [worker #0] Bootstrap tree #615, logLikelihood: -7684.564959
[00:13:48] [worker #1] Bootstrap tree #618, logLikelihood: -7216.061829
[00:13:48] [worker #0] Bootstrap tree #617, logLikelihood: -7150.380420
[00:13:50] [worker #1] Bootstrap tree #620, logLikelihood: -8022.760104
[00:13:51] [worker #0] Bootstrap tree #619, logLikelihood: -7506.619845
[00:13:52] [worker #1] Bootstrap tree #622, logLikelihood: -7186.740179
[00:13:54] [worker #0] Bootstrap tree #621, logLikelihood: -7416.326221
[00:13:55] [worker #1] Bootstrap tree #624, logLikelihood: -7421.384424
[00:13:56] [worker #0] Bootstrap tree #623, logLikelihood: -7246.510508
[00:13:57] [worker #1] Bootstrap tree #626, logLikelihood: -7693.776371
[00:14:00] [worker #0] Bootstrap tree #625, logLikelihood: -7244.572557
[00:14:01] [worker #1] Bootstrap tree #628, logLikelihood: -7556.442118
[00:14:02] [worker #0] Bootstrap tree #627, logLikelihood: -7193.679883
[00:14:03] [worker #1] Bootstrap tree #630, logLikelihood: -7219.276176
[00:14:05] [worker #0] Bootstrap tree #629, logLikelihood: -7394.867214
[00:14:05] [worker #1] Bootstrap tree #632, logLikelihood: -7352.266051
[00:14:07] [worker #0] Bootstrap tree #631, logLikelihood: -7607.299626
[00:14:08] [worker #1] Bootstrap tree #634, logLikelihood: -7400.935320
[00:14:10] [worker #0] Bootstrap tree #633, logLikelihood: -7975.885190
[00:14:10] [worker #1] Bootstrap tree #636, logLikelihood: -7541.388421
[00:14:12] [worker #0] Bootstrap tree #635, logLikelihood: -7441.501521
[00:14:13] [worker #1] Bootstrap tree #638, logLikelihood: -7768.010697
[00:14:15] [worker #0] Bootstrap tree #637, logLikelihood: -7268.194839
[00:14:15] [worker #1] Bootstrap tree #640, logLikelihood: -7670.295720
[00:14:18] [worker #0] Bootstrap tree #639, logLikelihood: -7095.214637
[00:14:18] [worker #1] Bootstrap tree #642, logLikelihood: -7200.931649
[00:14:20] [worker #1] Bootstrap tree #644, logLikelihood: -7566.428445
[00:14:21] [worker #0] Bootstrap tree #641, logLikelihood: -7765.387102
[00:14:23] [worker #1] Bootstrap tree #646, logLikelihood: -7232.170654
[00:14:24] [worker #0] Bootstrap tree #643, logLikelihood: -7202.470664
[00:14:27] [worker #1] Bootstrap tree #648, logLikelihood: -7470.099810
[00:14:29] [worker #0] Bootstrap tree #645, logLikelihood: -7571.759312
[00:14:30] [worker #1] Bootstrap tree #650, logLikelihood: -7489.948163
[00:14:31] [worker #0] Bootstrap tree #647, logLikelihood: -7588.188748
[00:14:33] [worker #0] Bootstrap tree #649, logLikelihood: -7483.431215
[00:14:35] [worker #0] Bootstrap tree #651, logLikelihood: -7447.008055
[00:14:35] [worker #1] Bootstrap tree #652, logLikelihood: -7307.029904
[00:14:38] [worker #1] Bootstrap tree #654, logLikelihood: -7233.585421
[00:14:38] [worker #0] Bootstrap tree #653, logLikelihood: -7235.153407
[00:14:40] [worker #1] Bootstrap tree #656, logLikelihood: -7620.572425
[00:14:40] [worker #0] Bootstrap tree #655, logLikelihood: -7801.926021
[00:14:42] [worker #1] Bootstrap tree #658, logLikelihood: -7791.985627
[00:14:43] [worker #0] Bootstrap tree #657, logLikelihood: -7416.512692
[00:14:44] [worker #1] Bootstrap tree #660, logLikelihood: -7498.772309
[00:14:45] [worker #0] Bootstrap tree #659, logLikelihood: -7778.584821
[00:14:47] [worker #1] Bootstrap tree #662, logLikelihood: -7887.068210
[00:14:47] [worker #0] Bootstrap tree #661, logLikelihood: -7193.086335
[00:14:49] [worker #1] Bootstrap tree #664, logLikelihood: -7300.625252
[00:14:50] [worker #0] Bootstrap tree #663, logLikelihood: -7312.739776
[00:14:51] [worker #1] Bootstrap tree #666, logLikelihood: -7371.785166
[00:14:53] [worker #0] Bootstrap tree #665, logLikelihood: -7281.802773
[00:14:54] [worker #1] Bootstrap tree #668, logLikelihood: -7822.248413
[00:14:55] [worker #0] Bootstrap tree #667, logLikelihood: -7170.907586
[00:14:56] [worker #1] Bootstrap tree #670, logLikelihood: -6873.997633
[00:14:58] [worker #0] Bootstrap tree #669, logLikelihood: -7638.348407
[00:14:59] [worker #1] Bootstrap tree #672, logLikelihood: -7645.354719
[00:15:01] [worker #0] Bootstrap tree #671, logLikelihood: -7604.285464
[00:15:01] [worker #1] Bootstrap tree #674, logLikelihood: -7848.454628
[00:15:04] [worker #0] Bootstrap tree #673, logLikelihood: -7236.442580
[00:15:04] [worker #1] Bootstrap tree #676, logLikelihood: -7697.325680
[00:15:06] [worker #0] Bootstrap tree #675, logLikelihood: -7970.197500
[00:15:07] [worker #1] Bootstrap tree #678, logLikelihood: -7065.439697
[00:15:09] [worker #1] Bootstrap tree #680, logLikelihood: -7834.625577
[00:15:10] [worker #0] Bootstrap tree #677, logLikelihood: -7710.005310
[00:15:12] [worker #1] Bootstrap tree #682, logLikelihood: -7531.785055
[00:15:13] [worker #0] Bootstrap tree #679, logLikelihood: -7607.648360
[00:15:15] [worker #1] Bootstrap tree #684, logLikelihood: -8027.031531
[00:15:15] [worker #0] Bootstrap tree #681, logLikelihood: -7299.551759
[00:15:17] [worker #1] Bootstrap tree #686, logLikelihood: -7225.056724
[00:15:18] [worker #0] Bootstrap tree #683, logLikelihood: -7872.507238
[00:15:19] [worker #1] Bootstrap tree #688, logLikelihood: -7119.473487
[00:15:21] [worker #0] Bootstrap tree #685, logLikelihood: -7432.496054
[00:15:22] [worker #1] Bootstrap tree #690, logLikelihood: -7453.085653
[00:15:23] [worker #0] Bootstrap tree #687, logLikelihood: -7350.776049
[00:15:24] [worker #1] Bootstrap tree #692, logLikelihood: -7415.017574
[00:15:26] [worker #0] Bootstrap tree #689, logLikelihood: -7184.353993
[00:15:26] [worker #1] Bootstrap tree #694, logLikelihood: -7817.939491
[00:15:28] [worker #0] Bootstrap tree #691, logLikelihood: -7382.863573
[00:15:29] [worker #1] Bootstrap tree #696, logLikelihood: -7638.060468
[00:15:30] [worker #0] Bootstrap tree #693, logLikelihood: -7924.678795
[00:15:31] [worker #1] Bootstrap tree #698, logLikelihood: -7466.372732
[00:15:33] [worker #0] Bootstrap tree #695, logLikelihood: -7505.109505
[00:15:33] [worker #1] Bootstrap tree #700, logLikelihood: -7123.700332
[00:15:36] [worker #0] Bootstrap tree #697, logLikelihood: -7182.966533
[00:15:38] [worker #0] Bootstrap tree #699, logLikelihood: -8002.514247
[00:15:41] [worker #1] Bootstrap tree #702, logLikelihood: -7701.313626
[00:15:41] [worker #0] Bootstrap tree #701, logLikelihood: -7412.376394
[00:15:43] [worker #1] Bootstrap tree #704, logLikelihood: -7890.080430
[00:15:43] [worker #0] Bootstrap tree #703, logLikelihood: -7345.506234
[00:15:45] [worker #1] Bootstrap tree #706, logLikelihood: -7458.914266
[00:15:45] [worker #0] Bootstrap tree #705, logLikelihood: -7283.386169
[00:15:47] [worker #1] Bootstrap tree #708, logLikelihood: -7539.446091
[00:15:48] [worker #0] Bootstrap tree #707, logLikelihood: -7477.403917
[00:15:49] [worker #1] Bootstrap tree #710, logLikelihood: -7631.540259
[00:15:50] [worker #0] Bootstrap tree #709, logLikelihood: -7450.617243
[00:15:52] [worker #1] Bootstrap tree #712, logLikelihood: -7720.735408
[00:15:53] [worker #0] Bootstrap tree #711, logLikelihood: -7143.355478
[00:15:54] [worker #1] Bootstrap tree #714, logLikelihood: -7518.032869
[00:15:55] [worker #0] Bootstrap tree #713, logLikelihood: -7572.220823
[00:15:56] [worker #1] Bootstrap tree #716, logLikelihood: -7391.023702
[00:15:58] [worker #0] Bootstrap tree #715, logLikelihood: -7376.020962
[00:15:59] [worker #1] Bootstrap tree #718, logLikelihood: -7745.854328
[00:16:01] [worker #0] Bootstrap tree #717, logLikelihood: -7212.009372
[00:16:02] [worker #1] Bootstrap tree #720, logLikelihood: -7523.556377
[00:16:04] [worker #0] Bootstrap tree #719, logLikelihood: -7359.260403
[00:16:04] [worker #1] Bootstrap tree #722, logLikelihood: -7414.188008
[00:16:06] [worker #0] Bootstrap tree #721, logLikelihood: -7602.917439
[00:16:06] [worker #1] Bootstrap tree #724, logLikelihood: -7717.605312
[00:16:08] [worker #1] Bootstrap tree #726, logLikelihood: -7228.488853
[00:16:08] [worker #0] Bootstrap tree #723, logLikelihood: -7441.665152
[00:16:10] [worker #1] Bootstrap tree #728, logLikelihood: -7677.462654
[00:16:11] [worker #0] Bootstrap tree #725, logLikelihood: -7710.612512
[00:16:12] [worker #1] Bootstrap tree #730, logLikelihood: -7247.223965
[00:16:13] [worker #0] Bootstrap tree #727, logLikelihood: -7543.270760
[00:16:14] [worker #1] Bootstrap tree #732, logLikelihood: -7167.933789
[00:16:15] [worker #0] Bootstrap tree #729, logLikelihood: -7718.817467
[00:16:16] [worker #1] Bootstrap tree #734, logLikelihood: -7203.573195
[00:16:17] [worker #0] Bootstrap tree #731, logLikelihood: -7767.916162
[00:16:18] [worker #1] Bootstrap tree #736, logLikelihood: -7582.857347
[00:16:20] [worker #0] Bootstrap tree #733, logLikelihood: -7593.952799
[00:16:20] [worker #1] Bootstrap tree #738, logLikelihood: -7729.655265
[00:16:22] [worker #0] Bootstrap tree #735, logLikelihood: -7398.296390
[00:16:22] [worker #1] Bootstrap tree #740, logLikelihood: -7533.778100
[00:16:24] [worker #1] Bootstrap tree #742, logLikelihood: -7764.824429
[00:16:24] [worker #0] Bootstrap tree #737, logLikelihood: -7799.073432
[00:16:27] [worker #1] Bootstrap tree #744, logLikelihood: -7684.876029
[00:16:27] [worker #0] Bootstrap tree #739, logLikelihood: -7287.180064
[00:16:29] [worker #1] Bootstrap tree #746, logLikelihood: -7346.220942
[00:16:30] [worker #0] Bootstrap tree #741, logLikelihood: -7289.248791
[00:16:31] [worker #1] Bootstrap tree #748, logLikelihood: -7269.675346
[00:16:32] [worker #0] Bootstrap tree #743, logLikelihood: -7556.346817
[00:16:33] [worker #1] Bootstrap tree #750, logLikelihood: -7444.920124
[00:16:34] [worker #0] Bootstrap tree #745, logLikelihood: -7211.173748
[00:16:37] [worker #0] Bootstrap tree #747, logLikelihood: -7369.464756
[00:16:39] [worker #0] Bootstrap tree #749, logLikelihood: -7545.996457
[00:16:41] [worker #1] Bootstrap tree #752, logLikelihood: -7495.555868
[00:16:42] [worker #0] Bootstrap tree #751, logLikelihood: -7569.506020
[00:16:43] [worker #1] Bootstrap tree #754, logLikelihood: -7903.684038
[00:16:44] [worker #0] Bootstrap tree #753, logLikelihood: -7432.363104
[00:16:45] [worker #1] Bootstrap tree #756, logLikelihood: -7566.903645
[00:16:46] [worker #0] Bootstrap tree #755, logLikelihood: -7315.016545
[00:16:47] [worker #1] Bootstrap tree #758, logLikelihood: -7047.869661
[00:16:49] [worker #0] Bootstrap tree #757, logLikelihood: -8163.287577
[00:16:51] [worker #1] Bootstrap tree #760, logLikelihood: -7081.120527
[00:16:53] [worker #0] Bootstrap tree #759, logLikelihood: -7533.511857
[00:16:54] [worker #1] Bootstrap tree #762, logLikelihood: -7275.362547
[00:16:55] [worker #0] Bootstrap tree #761, logLikelihood: -8055.479953
[00:16:56] [worker #1] Bootstrap tree #764, logLikelihood: -7161.742079
[00:16:58] [worker #0] Bootstrap tree #763, logLikelihood: -7145.484530
[00:16:59] [worker #1] Bootstrap tree #766, logLikelihood: -7759.193888
[00:17:00] [worker #0] Bootstrap tree #765, logLikelihood: -7879.644901
[00:17:01] [worker #1] Bootstrap tree #768, logLikelihood: -7813.254128
[00:17:02] [worker #0] Bootstrap tree #767, logLikelihood: -7341.935702
[00:17:03] [worker #1] Bootstrap tree #770, logLikelihood: -7035.522417
[00:17:05] [worker #0] Bootstrap tree #769, logLikelihood: -7198.457028
[00:17:05] [worker #1] Bootstrap tree #772, logLikelihood: -7802.871068
[00:17:07] [worker #1] Bootstrap tree #774, logLikelihood: -7562.954335
[00:17:08] [worker #0] Bootstrap tree #771, logLikelihood: -7556.596030
[00:17:10] [worker #1] Bootstrap tree #776, logLikelihood: -7812.206071
[00:17:10] [worker #0] Bootstrap tree #773, logLikelihood: -7321.599215
[00:17:12] [worker #1] Bootstrap tree #778, logLikelihood: -7778.252665
[00:17:12] [worker #0] Bootstrap tree #775, logLikelihood: -7717.795794
[00:17:14] [worker #1] Bootstrap tree #780, logLikelihood: -7851.624511
[00:17:15] [worker #0] Bootstrap tree #777, logLikelihood: -7412.242204
[00:17:16] [worker #1] Bootstrap tree #782, logLikelihood: -7727.997093
[00:17:17] [worker #0] Bootstrap tree #779, logLikelihood: -7136.837849
[00:17:19] [worker #1] Bootstrap tree #784, logLikelihood: -7506.417840
[00:17:20] [worker #0] Bootstrap tree #781, logLikelihood: -7423.621210
[00:17:21] [worker #1] Bootstrap tree #786, logLikelihood: -7758.269376
[00:17:22] [worker #0] Bootstrap tree #783, logLikelihood: -7725.370300
[00:17:23] [worker #1] Bootstrap tree #788, logLikelihood: -7126.289999
[00:17:25] [worker #0] Bootstrap tree #785, logLikelihood: -7365.165410
[00:17:25] [worker #1] Bootstrap tree #790, logLikelihood: -7464.703543
[00:17:27] [worker #1] Bootstrap tree #792, logLikelihood: -6906.618261
[00:17:27] [worker #0] Bootstrap tree #787, logLikelihood: -7379.516647
[00:17:29] [worker #1] Bootstrap tree #794, logLikelihood: -7517.709735
[00:17:30] [worker #0] Bootstrap tree #789, logLikelihood: -7620.526404
[00:17:31] [worker #1] Bootstrap tree #796, logLikelihood: -7100.274067
[00:17:32] [worker #0] Bootstrap tree #791, logLikelihood: -7509.437163
[00:17:33] [worker #1] Bootstrap tree #798, logLikelihood: -7542.152278
[00:17:35] [worker #0] Bootstrap tree #793, logLikelihood: -7121.746450
[00:17:36] [worker #1] Bootstrap tree #800, logLikelihood: -7686.683864
[00:17:38] [worker #0] Bootstrap tree #795, logLikelihood: -7704.124802
[00:17:40] [worker #0] Bootstrap tree #797, logLikelihood: -7691.676719
[00:17:42] [worker #0] Bootstrap tree #799, logLikelihood: -7174.863670
[00:17:44] [worker #1] Bootstrap tree #802, logLikelihood: -7389.498893
[00:17:45] [worker #0] Bootstrap tree #801, logLikelihood: -7681.776563
[00:17:47] [worker #1] Bootstrap tree #804, logLikelihood: -7388.960095
[00:17:48] [worker #0] Bootstrap tree #803, logLikelihood: -7696.681672
[00:17:50] [worker #1] Bootstrap tree #806, logLikelihood: -7599.396519
[00:17:50] [worker #0] Bootstrap tree #805, logLikelihood: -7869.281037
[00:17:52] [worker #1] Bootstrap tree #808, logLikelihood: -7722.486287
[00:17:53] [worker #0] Bootstrap tree #807, logLikelihood: -7173.280590
[00:17:54] [worker #1] Bootstrap tree #810, logLikelihood: -7444.508530
[00:17:55] [worker #0] Bootstrap tree #809, logLikelihood: -7609.864249
[00:17:56] [worker #1] Bootstrap tree #812, logLikelihood: -7120.725819
[00:17:58] [worker #0] Bootstrap tree #811, logLikelihood: -8118.641201
[00:17:59] [worker #1] Bootstrap tree #814, logLikelihood: -7894.282691
[00:18:01] [worker #0] Bootstrap tree #813, logLikelihood: -7714.807590
[00:18:01] [worker #1] Bootstrap tree #816, logLikelihood: -7555.083308
[00:18:03] [worker #0] Bootstrap tree #815, logLikelihood: -7699.393897
[00:18:04] [worker #1] Bootstrap tree #818, logLikelihood: -7313.892131
[00:18:06] [worker #0] Bootstrap tree #817, logLikelihood: -7463.717868
[00:18:07] [worker #1] Bootstrap tree #820, logLikelihood: -7858.812197
[00:18:09] [worker #1] Bootstrap tree #822, logLikelihood: -7082.263874
[00:18:09] [worker #0] Bootstrap tree #819, logLikelihood: -7579.780592
[00:18:11] [worker #1] Bootstrap tree #824, logLikelihood: -7316.155615
[00:18:12] [worker #0] Bootstrap tree #821, logLikelihood: -7487.960309
[00:18:13] [worker #1] Bootstrap tree #826, logLikelihood: -7857.626491
[00:18:14] [worker #0] Bootstrap tree #823, logLikelihood: -7389.174991
[00:18:15] [worker #1] Bootstrap tree #828, logLikelihood: -7305.847572
[00:18:16] [worker #0] Bootstrap tree #825, logLikelihood: -7365.416020
[00:18:17] [worker #1] Bootstrap tree #830, logLikelihood: -7536.005712
[00:18:19] [worker #0] Bootstrap tree #827, logLikelihood: -7453.082382
[00:18:20] [worker #1] Bootstrap tree #832, logLikelihood: -7699.430000
[00:18:21] [worker #0] Bootstrap tree #829, logLikelihood: -7358.937055
[00:18:22] [worker #1] Bootstrap tree #834, logLikelihood: -7901.680803
[00:18:25] [worker #0] Bootstrap tree #831, logLikelihood: -7381.009633
[00:18:25] [worker #1] Bootstrap tree #836, logLikelihood: -7370.427755
[00:18:27] [worker #0] Bootstrap tree #833, logLikelihood: -7653.440112
[00:18:28] [worker #1] Bootstrap tree #838, logLikelihood: -7408.769385
[00:18:30] [worker #0] Bootstrap tree #835, logLikelihood: -7781.466042
[00:18:30] [worker #1] Bootstrap tree #840, logLikelihood: -7509.220164
[00:18:32] [worker #1] Bootstrap tree #842, logLikelihood: -7590.005194
[00:18:33] [worker #0] Bootstrap tree #837, logLikelihood: -7491.062648
[00:18:35] [worker #1] Bootstrap tree #844, logLikelihood: -7705.107681
[00:18:36] [worker #0] Bootstrap tree #839, logLikelihood: -7513.029117
[00:18:38] [worker #1] Bootstrap tree #846, logLikelihood: -7690.671466
[00:18:39] [worker #0] Bootstrap tree #841, logLikelihood: -7648.190322
[00:18:40] [worker #1] Bootstrap tree #848, logLikelihood: -7307.049952
[00:18:42] [worker #0] Bootstrap tree #843, logLikelihood: -7640.611426
[00:18:42] [worker #1] Bootstrap tree #850, logLikelihood: -7290.727541
[00:18:45] [worker #0] Bootstrap tree #845, logLikelihood: -7953.779779
[00:18:47] [worker #0] Bootstrap tree #847, logLikelihood: -7359.174610
[00:18:49] [worker #0] Bootstrap tree #849, logLikelihood: -7143.465036
[00:18:52] [worker #0] Bootstrap tree #851, logLikelihood: -7393.595291
[00:18:52] [worker #1] Bootstrap tree #852, logLikelihood: -7669.657305
[00:18:54] [worker #1] Bootstrap tree #854, logLikelihood: -7492.252305
[00:18:54] [worker #0] Bootstrap tree #853, logLikelihood: -7312.351957
[00:18:57] [worker #1] Bootstrap tree #856, logLikelihood: -7527.257599
[00:18:57] [worker #0] Bootstrap tree #855, logLikelihood: -7494.880561
[00:18:59] [worker #1] Bootstrap tree #858, logLikelihood: -7138.752441
[00:19:00] [worker #0] Bootstrap tree #857, logLikelihood: -7502.391180
[00:19:01] [worker #1] Bootstrap tree #860, logLikelihood: -7494.548964
[00:19:03] [worker #0] Bootstrap tree #859, logLikelihood: -7535.655294
[00:19:04] [worker #1] Bootstrap tree #862, logLikelihood: -7180.035456
[00:19:06] [worker #0] Bootstrap tree #861, logLikelihood: -7596.911997
[00:19:07] [worker #1] Bootstrap tree #864, logLikelihood: -7619.473392
[00:19:10] [worker #1] Bootstrap tree #866, logLikelihood: -7525.923951
[00:19:10] [worker #0] Bootstrap tree #863, logLikelihood: -7298.160441
[00:19:12] [worker #1] Bootstrap tree #868, logLikelihood: -7473.373562
[00:19:13] [worker #0] Bootstrap tree #865, logLikelihood: -7033.288219
[00:19:14] [worker #1] Bootstrap tree #870, logLikelihood: -7418.622121
[00:19:15] [worker #0] Bootstrap tree #867, logLikelihood: -7636.536368
[00:19:18] [worker #1] Bootstrap tree #872, logLikelihood: -7752.022706
[00:19:18] [worker #0] Bootstrap tree #869, logLikelihood: -7554.971856
[00:19:21] [worker #1] Bootstrap tree #874, logLikelihood: -8091.796271
[00:19:21] [worker #0] Bootstrap tree #871, logLikelihood: -7505.520126
[00:19:25] [worker #1] Bootstrap tree #876, logLikelihood: -7584.012854
[00:19:26] [worker #0] Bootstrap tree #873, logLikelihood: -7325.669323
[00:19:27] [worker #1] Bootstrap tree #878, logLikelihood: -7547.415547
[00:19:28] [worker #0] Bootstrap tree #875, logLikelihood: -7571.381713
[00:19:29] [worker #1] Bootstrap tree #880, logLikelihood: -7282.385905
[00:19:31] [worker #0] Bootstrap tree #877, logLikelihood: -7475.906889
[00:19:32] [worker #1] Bootstrap tree #882, logLikelihood: -7463.964085
[00:19:34] [worker #0] Bootstrap tree #879, logLikelihood: -7521.035692
[00:19:34] [worker #1] Bootstrap tree #884, logLikelihood: -7919.430994
[00:19:37] [worker #1] Bootstrap tree #886, logLikelihood: -7940.109765
[00:19:37] [worker #0] Bootstrap tree #881, logLikelihood: -7779.093496
[00:19:39] [worker #1] Bootstrap tree #888, logLikelihood: -7731.709428
[00:19:40] [worker #0] Bootstrap tree #883, logLikelihood: -7672.364019
[00:19:41] [worker #1] Bootstrap tree #890, logLikelihood: -7654.312353
[00:19:43] [worker #0] Bootstrap tree #885, logLikelihood: -7904.102519
[00:19:43] [worker #1] Bootstrap tree #892, logLikelihood: -7461.296101
[00:19:45] [worker #0] Bootstrap tree #887, logLikelihood: -7557.418731
[00:19:46] [worker #1] Bootstrap tree #894, logLikelihood: -7547.707031
[00:19:49] [worker #0] Bootstrap tree #889, logLikelihood: -7592.808517
[00:19:49] [worker #1] Bootstrap tree #896, logLikelihood: -7496.154650
[00:19:51] [worker #0] Bootstrap tree #891, logLikelihood: -7671.167871
[00:19:51] [worker #1] Bootstrap tree #898, logLikelihood: -7336.941233
[00:19:54] [worker #1] Bootstrap tree #900, logLikelihood: -7477.742881
[00:19:55] [worker #0] Bootstrap tree #893, logLikelihood: -7494.119790
[00:19:56] [worker #0] Bootstrap tree #895, logLikelihood: -7612.267080
[00:19:59] [worker #0] Bootstrap tree #897, logLikelihood: -7187.224237
[00:20:01] [worker #0] Bootstrap tree #899, logLikelihood: -7278.123651
[00:20:03] [worker #1] Bootstrap tree #902, logLikelihood: -7613.077152
[00:20:03] [worker #0] Bootstrap tree #901, logLikelihood: -7398.658693
[00:20:06] [worker #1] Bootstrap tree #904, logLikelihood: -7707.996921
[00:20:07] [worker #0] Bootstrap tree #903, logLikelihood: -7588.265452
[00:20:09] [worker #1] Bootstrap tree #906, logLikelihood: -7649.278557
[00:20:09] [worker #0] Bootstrap tree #905, logLikelihood: -7763.866652
[00:20:11] [worker #1] Bootstrap tree #908, logLikelihood: -7949.774027
[00:20:12] [worker #0] Bootstrap tree #907, logLikelihood: -8095.272570
[00:20:13] [worker #1] Bootstrap tree #910, logLikelihood: -7288.064557
[00:20:15] [worker #0] Bootstrap tree #909, logLikelihood: -7428.361605
[00:20:16] [worker #1] Bootstrap tree #912, logLikelihood: -8101.383056
[00:20:18] [worker #0] Bootstrap tree #911, logLikelihood: -7688.653337
[00:20:19] [worker #1] Bootstrap tree #914, logLikelihood: -8390.631149
[00:20:22] [worker #0] Bootstrap tree #913, logLikelihood: -7078.697484
[00:20:22] [worker #1] Bootstrap tree #916, logLikelihood: -7312.261203
[00:20:24] [worker #1] Bootstrap tree #918, logLikelihood: -7897.145241
[00:20:24] [worker #0] Bootstrap tree #915, logLikelihood: -7599.238748
[00:20:26] [worker #1] Bootstrap tree #920, logLikelihood: -7700.273348
[00:20:27] [worker #0] Bootstrap tree #917, logLikelihood: -7653.537499
[00:20:28] [worker #1] Bootstrap tree #922, logLikelihood: -7867.605729
[00:20:30] [worker #0] Bootstrap tree #919, logLikelihood: -7873.960350
[00:20:31] [worker #1] Bootstrap tree #924, logLikelihood: -7770.937516
[00:20:33] [worker #0] Bootstrap tree #921, logLikelihood: -7456.376566
[00:20:34] [worker #1] Bootstrap tree #926, logLikelihood: -7827.293197
[00:20:35] [worker #0] Bootstrap tree #923, logLikelihood: -7524.304225
[00:20:36] [worker #1] Bootstrap tree #928, logLikelihood: -7725.932540
[00:20:39] [worker #0] Bootstrap tree #925, logLikelihood: -7567.334000
[00:20:39] [worker #1] Bootstrap tree #930, logLikelihood: -7816.639243
[00:20:41] [worker #1] Bootstrap tree #932, logLikelihood: -7574.179820
[00:20:41] [worker #0] Bootstrap tree #927, logLikelihood: -7512.159700
[00:20:44] [worker #1] Bootstrap tree #934, logLikelihood: -7331.292171
[00:20:45] [worker #0] Bootstrap tree #929, logLikelihood: -7578.377535
[00:20:47] [worker #1] Bootstrap tree #936, logLikelihood: -8020.018032
[00:20:47] [worker #0] Bootstrap tree #931, logLikelihood: -7140.735586
[00:20:49] [worker #1] Bootstrap tree #938, logLikelihood: -7390.521409
[00:20:50] [worker #0] Bootstrap tree #933, logLikelihood: -7427.075016
[00:20:52] [worker #1] Bootstrap tree #940, logLikelihood: -7768.267152
[00:20:53] [worker #0] Bootstrap tree #935, logLikelihood: -7403.059094
[00:20:54] [worker #1] Bootstrap tree #942, logLikelihood: -7470.221833
[00:20:55] [worker #0] Bootstrap tree #937, logLikelihood: -7405.728565
[00:20:57] [worker #1] Bootstrap tree #944, logLikelihood: -7685.513719
[00:20:59] [worker #0] Bootstrap tree #939, logLikelihood: -7494.773046
[00:20:59] [worker #1] Bootstrap tree #946, logLikelihood: -7639.597275
[00:21:01] [worker #0] Bootstrap tree #941, logLikelihood: -7674.615629
[00:21:02] [worker #1] Bootstrap tree #948, logLikelihood: -7397.920071
[00:21:05] [worker #0] Bootstrap tree #943, logLikelihood: -7598.418100
[00:21:05] [worker #1] Bootstrap tree #950, logLikelihood: -7420.695079
[00:21:08] [worker #0] Bootstrap tree #945, logLikelihood: -7456.751013
[00:21:10] [worker #0] Bootstrap tree #947, logLikelihood: -7660.632203
[00:21:12] [worker #0] Bootstrap tree #949, logLikelihood: -7671.241383
[00:21:14] [worker #1] Bootstrap tree #952, logLikelihood: -7303.644230
[00:21:15] [worker #0] Bootstrap tree #951, logLikelihood: -7726.760134
[00:21:16] [worker #1] Bootstrap tree #954, logLikelihood: -7470.957527
[00:21:17] [worker #0] Bootstrap tree #953, logLikelihood: -7300.108615
[00:21:20] [worker #1] Bootstrap tree #956, logLikelihood: -7484.322807
[00:21:20] [worker #0] Bootstrap tree #955, logLikelihood: -7151.695994
[00:21:22] [worker #1] Bootstrap tree #958, logLikelihood: -7566.380061
[00:21:23] [worker #0] Bootstrap tree #957, logLikelihood: -8100.996655
[00:21:25] [worker #1] Bootstrap tree #960, logLikelihood: -7710.131927
[00:21:26] [worker #0] Bootstrap tree #959, logLikelihood: -7464.375637
[00:21:28] [worker #1] Bootstrap tree #962, logLikelihood: -7201.080432
[00:21:29] [worker #0] Bootstrap tree #961, logLikelihood: -7593.908415
[00:21:30] [worker #1] Bootstrap tree #964, logLikelihood: -7733.708019
[00:21:31] [worker #0] Bootstrap tree #963, logLikelihood: -7350.752127
[00:21:33] [worker #1] Bootstrap tree #966, logLikelihood: -7559.592298
[00:21:35] [worker #0] Bootstrap tree #965, logLikelihood: -7576.712115
[00:21:36] [worker #1] Bootstrap tree #968, logLikelihood: -7367.459333
[00:21:37] [worker #0] Bootstrap tree #967, logLikelihood: -7829.698597
[00:21:38] [worker #1] Bootstrap tree #970, logLikelihood: -7843.491011
[00:21:40] [worker #0] Bootstrap tree #969, logLikelihood: -7837.552345
[00:21:41] [worker #1] Bootstrap tree #972, logLikelihood: -7832.732364
[00:21:43] [worker #0] Bootstrap tree #971, logLikelihood: -7924.771648
[00:21:43] [worker #1] Bootstrap tree #974, logLikelihood: -7708.138566
[00:21:45] [worker #0] Bootstrap tree #973, logLikelihood: -7379.983010
[00:21:46] [worker #1] Bootstrap tree #976, logLikelihood: -7337.502211
[00:21:49] [worker #1] Bootstrap tree #978, logLikelihood: -7507.384509
[00:21:49] [worker #0] Bootstrap tree #975, logLikelihood: -7556.425207
[00:21:53] [worker #1] Bootstrap tree #980, logLikelihood: -7591.295983
[00:21:53] [worker #0] Bootstrap tree #977, logLikelihood: -7725.653677
[00:21:56] [worker #1] Bootstrap tree #982, logLikelihood: -7460.872937
[00:21:56] [worker #0] Bootstrap tree #979, logLikelihood: -7138.722385
[00:21:58] [worker #1] Bootstrap tree #984, logLikelihood: -7719.797226
[00:21:59] [worker #0] Bootstrap tree #981, logLikelihood: -7575.512726
[00:22:02] [worker #1] Bootstrap tree #986, logLikelihood: -7288.610629
[00:22:03] [worker #0] Bootstrap tree #983, logLikelihood: -7297.352851
[00:22:04] [worker #1] Bootstrap tree #988, logLikelihood: -7623.186642
[00:22:06] [worker #0] Bootstrap tree #985, logLikelihood: -7593.249922
[00:22:08] [worker #1] Bootstrap tree #990, logLikelihood: -7307.041232
[00:22:10] [worker #0] Bootstrap tree #987, logLikelihood: -7320.736495
[00:22:11] [worker #1] Bootstrap tree #992, logLikelihood: -7650.863877
[00:22:13] [worker #0] Bootstrap tree #989, logLikelihood: -7708.767730
[00:22:14] [worker #1] Bootstrap tree #994, logLikelihood: -7297.134329
[00:22:17] [worker #0] Bootstrap tree #991, logLikelihood: -7156.152184
[00:22:17] [worker #1] Bootstrap tree #996, logLikelihood: -7579.804340
[00:22:19] [worker #1] Bootstrap tree #998, logLikelihood: -7410.051752
[00:22:19] [worker #0] Bootstrap tree #993, logLikelihood: -7672.664375
[00:22:22] [worker #1] Bootstrap tree #1000, logLikelihood: -7019.040310
[00:22:22] [worker #0] Bootstrap tree #995, logLikelihood: -7291.188433
[00:22:25] [worker #0] Bootstrap tree #997, logLikelihood: -7344.633148
[00:22:27] [worker #0] Bootstrap tree #999, logLikelihood: -7129.400637

Optimized model parameters:

   Partition 0: noname
   Rate heterogeneity: GAMMA (4 cats, mean),  alpha: 1.463587 (ML),  weights&rates: (0.250000,0.219642) (0.250000,0.582381) (0.250000,1.048210) (0.250000,2.149767) 
   Base frequencies (empirical): 0.100140 0.027713 0.026782 0.022357 0.006055 0.022124 0.028645 0.070796 0.007918 0.081043 0.128319 0.033535 0.031905 0.077550 0.037494 0.076153 0.058221 0.028412 0.044481 0.090359 
   Substitution rates (model): 0.425093 0.276818 0.395144 2.489084 0.969894 1.038545 2.066040 0.358858 0.149830 0.395337 0.536518 1.124035 0.253701 1.177651 4.727182 2.139501 0.180717 0.218959 2.547870 0.751878 0.123954 0.534551 2.807908 0.363970 0.390192 2.426601 0.126991 0.301848 6.326067 0.484133 0.052722 0.332533 0.858151 0.578987 0.593607 0.314440 0.170887 5.076149 0.528768 1.695752 0.541712 1.437645 4.509238 0.191503 0.068427 2.145078 0.371004 0.089525 0.161787 4.008358 2.000679 0.045376 0.612025 0.083688 0.062556 0.523386 5.243870 0.844926 0.927114 0.010690 0.015076 0.282959 0.025548 0.017416 0.394456 1.240275 0.425860 0.029890 0.135107 0.037967 0.084808 0.003499 0.569265 0.640543 0.320627 0.594007 0.013266 0.893680 1.105251 0.075382 2.784478 1.143480 0.670128 1.165532 1.959291 4.128591 0.267959 4.813505 0.072854 0.582457 3.234294 1.672569 0.035855 0.624294 1.223828 1.080136 0.236199 0.257336 0.210332 0.348847 0.423881 0.044265 0.069673 1.807177 0.173735 0.018811 0.419409 0.611973 0.604545 0.077852 0.120037 0.245034 0.311484 0.008705 0.044261 0.296636 0.139538 0.089586 0.196961 1.739990 0.129836 0.268491 0.054679 0.076701 0.108882 0.366317 0.697264 0.442472 0.682139 0.508851 0.990012 0.584262 0.597054 5.306834 0.119013 4.145067 0.159069 4.273607 1.112727 0.078281 0.064105 1.033739 0.111660 0.232523 10.649107 0.137500 6.312358 2.592692 0.249060 0.182287 0.302936 0.619632 0.299648 1.702745 0.656604 0.023918 0.390322 0.748683 1.136863 0.049906 0.131932 0.185202 1.798853 0.099849 0.346960 2.020366 0.696175 0.481306 1.898718 0.094464 0.361819 0.165001 2.457121 7.803902 0.654683 1.338132 0.571468 0.095131 0.089613 0.296501 6.472279 0.248862 0.400547 0.098369 0.140825 0.245841 2.188158 3.151815 0.189510 0.249313 


Final LogLikelihood: -7535.053431

AIC score: 15176.106861 / AICc score: 15195.913089 / BIC score: 15379.506575
Free parameters (model + branch lengths): 53

Best ML tree saved to: /Users/haruto/Desktop/temp/ConsistASR_test/test_toy_MacOS/Tree/toy_7tm_rhodopsin.raxml.bestTree
Best ML tree with Transfer bootstrap (TBE) support values saved to: /Users/haruto/Desktop/temp/ConsistASR_test/test_toy_MacOS/Tree/toy_7tm_rhodopsin.raxml.support
Optimized model saved to: /Users/haruto/Desktop/temp/ConsistASR_test/test_toy_MacOS/Tree/toy_7tm_rhodopsin.raxml.bestModel
WARNING: Unable to reroot tree (LIBPLL-3970): Outgroup is not monophyletic!

WARNING: Unable to reroot tree (LIBPLL-3970): Outgroup is not monophyletic!

WARNING: Unable to reroot tree (LIBPLL-3970): Outgroup is not monophyletic!

WARNING: Unable to reroot tree (LIBPLL-3970): Outgroup is not monophyletic!

WARNING: Unable to reroot tree (LIBPLL-3970): Outgroup is not monophyletic!

WARNING: Unable to reroot tree (LIBPLL-3970): Outgroup is not monophyletic!

WARNING: Unable to reroot tree (LIBPLL-3970): Outgroup is not monophyletic!

WARNING: Unable to reroot tree (LIBPLL-3970): Outgroup is not monophyletic!

WARNING: Unable to reroot tree (LIBPLL-3970): Outgroup is not monophyletic!

WARNING: Unable to reroot tree (LIBPLL-3970): Outgroup is not monophyletic!

WARNING: Unable to reroot tree (LIBPLL-3970): Outgroup is not monophyletic!

WARNING: Unable to reroot tree (LIBPLL-3970): Outgroup is not monophyletic!

WARNING: Unable to reroot tree (LIBPLL-3970): Outgroup is not monophyletic!

WARNING: Unable to reroot tree (LIBPLL-3970): Outgroup is not monophyletic!

WARNING: Unable to reroot tree (LIBPLL-3970): Outgroup is not monophyletic!

WARNING: Unable to reroot tree (LIBPLL-3970): Outgroup is not monophyletic!

WARNING: Unable to reroot tree (LIBPLL-3970): Outgroup is not monophyletic!

WARNING: Unable to reroot tree (LIBPLL-3970): Outgroup is not monophyletic!

WARNING: Unable to reroot tree (LIBPLL-3970): Outgroup is not monophyletic!

WARNING: Unable to reroot tree (LIBPLL-3970): Outgroup is not monophyletic!

WARNING: Unable to reroot tree (LIBPLL-3970): Outgroup is not monophyletic!

WARNING: Unable to reroot tree (LIBPLL-3970): Outgroup is not monophyletic!

WARNING: Unable to reroot tree (LIBPLL-3970): Outgroup is not monophyletic!

WARNING: Unable to reroot tree (LIBPLL-3970): Outgroup is not monophyletic!

WARNING: Unable to reroot tree (LIBPLL-3970): Outgroup is not monophyletic!

WARNING: Unable to reroot tree (LIBPLL-3970): Outgroup is not monophyletic!

WARNING: Unable to reroot tree (LIBPLL-3970): Outgroup is not monophyletic!

WARNING: Unable to reroot tree (LIBPLL-3970): Outgroup is not monophyletic!

WARNING: Unable to reroot tree (LIBPLL-3970): Outgroup is not monophyletic!

WARNING: Unable to reroot tree (LIBPLL-3970): Outgroup is not monophyletic!

WARNING: Unable to reroot tree (LIBPLL-3970): Outgroup is not monophyletic!

WARNING: Unable to reroot tree (LIBPLL-3970): Outgroup is not monophyletic!

WARNING: Unable to reroot tree (LIBPLL-3970): Outgroup is not monophyletic!

WARNING: Unable to reroot tree (LIBPLL-3970): Outgroup is not monophyletic!

WARNING: Unable to reroot tree (LIBPLL-3970): Outgroup is not monophyletic!

WARNING: Unable to reroot tree (LIBPLL-3970): Outgroup is not monophyletic!

WARNING: Unable to reroot tree (LIBPLL-3970): Outgroup is not monophyletic!

WARNING: Unable to reroot tree (LIBPLL-3970): Outgroup is not monophyletic!

WARNING: Unable to reroot tree (LIBPLL-3970): Outgroup is not monophyletic!

WARNING: Unable to reroot tree (LIBPLL-3970): Outgroup is not monophyletic!

WARNING: Unable to reroot tree (LIBPLL-3970): Outgroup is not monophyletic!

WARNING: Unable to reroot tree (LIBPLL-3970): Outgroup is not monophyletic!

WARNING: Unable to reroot tree (LIBPLL-3970): Outgroup is not monophyletic!

WARNING: Unable to reroot tree (LIBPLL-3970): Outgroup is not monophyletic!

Bootstrap trees saved to: /Users/haruto/Desktop/temp/ConsistASR_test/test_toy_MacOS/Tree/toy_7tm_rhodopsin.raxml.bootstraps

Execution log saved to: /Users/haruto/Desktop/temp/ConsistASR_test/test_toy_MacOS/Tree/toy_7tm_rhodopsin.raxml.log

Analysis started: 17-Dec-2025 12:19:47 / finished: 17-Dec-2025 12:42:15

Elapsed time: 1347.500 seconds

